#
# There is insufficient memory for the Java Runtime Environment to continue.
# Native memory allocation (malloc) failed to allocate 1108816 bytes for Chunk::new
# Possible reasons:
#   The system is out of physical RAM or swap space
#   The process is running with CompressedOops enabled, and the Java Heap may be blocking the growth of the native heap
# Possible solutions:
#   Reduce memory load on the system
#   Increase physical memory or swap space
#   Check if swap backing store is full
#   Decrease Java heap size (-Xmx/-Xms)
#   Decrease number of Java threads
#   Decrease Java thread stack sizes (-Xss)
#   Set larger code cache with -XX:ReservedCodeCacheSize=
#   JVM is running with Unscaled Compressed Oops mode in which the Java heap is
#     placed in the first 4GB address space. The Java Heap base address is the
#     maximum limit for the native heap growth. Please use -XX:HeapBaseMinAddress
#     to set the Java Heap base and to place the Java Heap above 4GB virtual address.
# This output file may be truncated or incomplete.
#
#  Out of Memory Error (arena.cpp:168), pid=6420, tid=10220
#
# JRE version: Java(TM) SE Runtime Environment (21.0.8+12) (build 21.0.8+12-LTS-250)
# Java VM: Java HotSpot(TM) 64-Bit Server VM (21.0.8+12-LTS-250, mixed mode, sharing, tiered, compressed oops, compressed class ptrs, g1 gc, windows-amd64)
# No core dump will be written. Minidumps are not enabled by default on client versions of Windows
#

---------------  S U M M A R Y ------------

Command Line: --add-opens=java.base/java.lang=ALL-UNNAMED --add-opens=java.base/java.lang.invoke=ALL-UNNAMED --add-opens=java.base/java.util=ALL-UNNAMED --add-opens=java.prefs/java.util.prefs=ALL-UNNAMED --add-exports=jdk.compiler/com.sun.tools.javac.api=ALL-UNNAMED --add-exports=jdk.compiler/com.sun.tools.javac.util=ALL-UNNAMED --add-opens=java.base/java.util=ALL-UNNAMED --add-opens=java.prefs/java.util.prefs=ALL-UNNAMED --add-opens=java.base/java.nio.charset=ALL-UNNAMED --add-opens=java.base/java.net=ALL-UNNAMED --add-opens=java.base/java.util.concurrent.atomic=ALL-UNNAMED --add-opens=java.xml/javax.xml.namespace=ALL-UNNAMED -XX:MaxMetaspaceSize=384m -XX:+HeapDumpOnOutOfMemoryError -Xms256m -Xmx512m -Dfile.encoding=UTF-8 -Duser.country=KR -Duser.language=ko -Duser.variant -javaagent:C:\Users\mirmi\.gradle\wrapper\dists\gradle-8.14.3-bin\cv11ve7ro1n3o1j4so8xd9n66\gradle-8.14.3\lib\agents\gradle-instrumentation-agent-8.14.3.jar org.gradle.launcher.daemon.bootstrap.GradleDaemon 8.14.3

Host: AMD Ryzen 5 4500U with Radeon Graphics         , 6 cores, 7G,  Windows 11 , 64 bit Build 26100 (10.0.26100.7019)
Time: Wed Nov 19 14:57:54 2025  Windows 11 , 64 bit Build 26100 (10.0.26100.7019) elapsed time: 31.000523 seconds (0d 0h 0m 31s)

---------------  T H R E A D  ---------------

Current thread (0x000001c6bf929070):  JavaThread "C2 CompilerThread1" daemon [_thread_in_native, id=10220, stack(0x000000a057700000,0x000000a057800000) (1024K)]


Current CompileTask:
C2:  31000 15303       4       org.jetbrains.kotlin.load.java.structure.impl.classFiles.BinaryClassSignatureParser::parseParameterizedClassRefSignature (257 bytes)

Stack: [0x000000a057700000,0x000000a057800000]
Native frames: (J=compiled Java code, j=interpreted, Vv=VM code, C=native code)
V  [jvm.dll+0x6cc179]
V  [jvm.dll+0x8584c1]
V  [jvm.dll+0x85a9ee]
V  [jvm.dll+0x85b0c3]
V  [jvm.dll+0x27ebf6]
V  [jvm.dll+0xc4f4d]
V  [jvm.dll+0xc5483]
V  [jvm.dll+0x3b6a82]
V  [jvm.dll+0x382a35]
V  [jvm.dll+0x381eaa]
V  [jvm.dll+0x247670]
V  [jvm.dll+0x246c4f]
V  [jvm.dll+0x1c7a3e]
V  [jvm.dll+0x256359]
V  [jvm.dll+0x2548ea]
V  [jvm.dll+0x3efef6]
V  [jvm.dll+0x80279b]
V  [jvm.dll+0x6ca85d]
C  [ucrtbase.dll+0x37b0]
C  [KERNEL32.DLL+0x2e8d7]
C  [ntdll.dll+0x8c53c]


---------------  P R O C E S S  ---------------

Threads class SMR info:
_java_thread_list=0x000001c6b078b8b0, length=82, elements={
0x000001c6f5b14190, 0x000001c692469cb0, 0x000001c69246a900, 0x000001c692473760,
0x000001c6924741b0, 0x000001c692475920, 0x000001c692476370, 0x000001c692538db0,
0x000001c69247c2c0, 0x000001c69263ec20, 0x000001c69276f990, 0x000001c6ad4ef0a0,
0x000001c6ad69cb60, 0x000001c6ad7f1b70, 0x000001c6ad79faf0, 0x000001c6ad800320,
0x000001c6ad7854f0, 0x000001c6ad7877f0, 0x000001c6ad762620, 0x000001c6ad76a790,
0x000001c6ad76ae20, 0x000001c6ad768d50, 0x000001c6ad769a70, 0x000001c6ad76a100,
0x000001c6ad7693e0, 0x000001c6ad76b4b0, 0x000001c6ad76bb40, 0x000001c6ae05eea0,
0x000001c6ae05daf0, 0x000001c6ae05f530, 0x000001c6ae05e180, 0x000001c6ae05fbc0,
0x000001c6ae05c740, 0x000001c6ae05e810, 0x000001c6ae05cdd0, 0x000001c6ae0608e0,
0x000001c6ae063040, 0x000001c6ae0629b0, 0x000001c6ae0636d0, 0x000001c6ae062320,
0x000001c6ae061600, 0x000001c6ae060f70, 0x000001c6ae063d60, 0x000001c6ae061c90,
0x000001c6afd83f10, 0x000001c6afd83880, 0x000001c6afd817b0, 0x000001c6afd81e40,
0x000001c6afd845a0, 0x000001c6afd81120, 0x000001c6afd824d0, 0x000001c6afd82b60,
0x000001c6afd831f0, 0x000001c6b023a4d0, 0x000001c6b0238a90, 0x000001c6b0237d70,
0x000001c6b0239120, 0x000001c6adc5f050, 0x000001c6adc5f6e0, 0x000001c6b023b1f0,
0x000001c6add627d0, 0x000001c6add64f30, 0x000001c6add63b80, 0x000001c6add62140,
0x000001c6add61ab0, 0x000001c6add66970, 0x000001c6add655c0, 0x000001c6add65c50,
0x000001c6add67000, 0x000001c6add662e0, 0x000001c6add67690, 0x000001c6add64210,
0x000001c6add67d20, 0x000001c6add683b0, 0x000001c6add68a40, 0x000001c6add690d0,
0x000001c6bf3672a0, 0x000001c6bf367fc0, 0x000001c6bf364b40, 0x000001c6bf365860,
0x000001c6bf369370, 0x000001c6bf929070
}

Java Threads: ( => current thread )
  0x000001c6f5b14190 JavaThread "main"                              [_thread_blocked, id=19684, stack(0x000000a052d00000,0x000000a052e00000) (1024K)]
  0x000001c692469cb0 JavaThread "Reference Handler"          daemon [_thread_blocked, id=22096, stack(0x000000a053500000,0x000000a053600000) (1024K)]
  0x000001c69246a900 JavaThread "Finalizer"                  daemon [_thread_blocked, id=16280, stack(0x000000a053600000,0x000000a053700000) (1024K)]
  0x000001c692473760 JavaThread "Signal Dispatcher"          daemon [_thread_blocked, id=19068, stack(0x000000a053700000,0x000000a053800000) (1024K)]
  0x000001c6924741b0 JavaThread "Attach Listener"            daemon [_thread_blocked, id=5772, stack(0x000000a053800000,0x000000a053900000) (1024K)]
  0x000001c692475920 JavaThread "Service Thread"             daemon [_thread_blocked, id=13372, stack(0x000000a053900000,0x000000a053a00000) (1024K)]
  0x000001c692476370 JavaThread "Monitor Deflation Thread"   daemon [_thread_blocked, id=6868, stack(0x000000a053a00000,0x000000a053b00000) (1024K)]
  0x000001c692538db0 JavaThread "C2 CompilerThread0"         daemon [_thread_blocked, id=25020, stack(0x000000a053b00000,0x000000a053c00000) (1024K)]
  0x000001c69247c2c0 JavaThread "C1 CompilerThread0"         daemon [_thread_blocked, id=26500, stack(0x000000a053c00000,0x000000a053d00000) (1024K)]
  0x000001c69263ec20 JavaThread "Common-Cleaner"             daemon [_thread_blocked, id=436, stack(0x000000a053d00000,0x000000a053e00000) (1024K)]
  0x000001c69276f990 JavaThread "Notification Thread"        daemon [_thread_blocked, id=18124, stack(0x000000a053e00000,0x000000a053f00000) (1024K)]
  0x000001c6ad4ef0a0 JavaThread "Daemon health stats"               [_thread_blocked, id=1016, stack(0x000000a054500000,0x000000a054600000) (1024K)]
  0x000001c6ad69cb60 JavaThread "Incoming local TCP Connector on port 53396"        [_thread_in_native, id=8680, stack(0x000000a054600000,0x000000a054700000) (1024K)]
  0x000001c6ad7f1b70 JavaThread "Daemon periodic checks"            [_thread_blocked, id=26432, stack(0x000000a054700000,0x000000a054800000) (1024K)]
  0x000001c6ad79faf0 JavaThread "Daemon"                            [_thread_blocked, id=13856, stack(0x000000a054800000,0x000000a054900000) (1024K)]
  0x000001c6ad800320 JavaThread "Handler for socket connection from /127.0.0.1:53396 to /127.0.0.1:53397"        [_thread_in_native, id=27108, stack(0x000000a054900000,0x000000a054a00000) (1024K)]
  0x000001c6ad7854f0 JavaThread "Cancel handler"                    [_thread_blocked, id=19972, stack(0x000000a054a00000,0x000000a054b00000) (1024K)]
  0x000001c6ad7877f0 JavaThread "Daemon worker"                     [_thread_in_Java, id=13172, stack(0x000000a054b00000,0x000000a054c00000) (1024K)]
  0x000001c6ad762620 JavaThread "Asynchronous log dispatcher for DefaultDaemonConnection: socket connection from /127.0.0.1:53396 to /127.0.0.1:53397"        [_thread_blocked, id=26052, stack(0x000000a054c00000,0x000000a054d00000) (1024K)]
  0x000001c6ad76a790 JavaThread "Stdin handler"                     [_thread_blocked, id=15104, stack(0x000000a054d00000,0x000000a054e00000) (1024K)]
  0x000001c6ad76ae20 JavaThread "Daemon client event forwarder"        [_thread_blocked, id=20376, stack(0x000000a054e00000,0x000000a054f00000) (1024K)]
  0x000001c6ad768d50 JavaThread "Cache worker for journal cache (C:\Users\mirmi\.gradle\caches\journal-1)"        [_thread_blocked, id=8392, stack(0x000000a054400000,0x000000a054500000) (1024K)]
  0x000001c6ad769a70 JavaThread "File lock request listener"        [_thread_in_native, id=24044, stack(0x000000a054f00000,0x000000a055000000) (1024K)]
  0x000001c6ad76a100 JavaThread "Cache worker for file hash cache (C:\Users\mirmi\.gradle\caches\8.14.3\fileHashes)"        [_thread_blocked, id=27404, stack(0x000000a055000000,0x000000a055100000) (1024K)]
  0x000001c6ad7693e0 JavaThread "Cache worker for file hash cache (C:\programmers\sbb\sbb\.gradle\8.14.3\fileHashes)"        [_thread_blocked, id=12480, stack(0x000000a055300000,0x000000a055400000) (1024K)]
  0x000001c6ad76b4b0 JavaThread "Cache worker for Build Output Cleanup Cache (C:\programmers\sbb\sbb\.gradle\buildOutputCleanup)"        [_thread_blocked, id=22276, stack(0x000000a055400000,0x000000a055500000) (1024K)]
  0x000001c6ad76bb40 JavaThread "File watcher server"        daemon [_thread_in_native, id=24280, stack(0x000000a055500000,0x000000a055600000) (1024K)]
  0x000001c6ae05eea0 JavaThread "File watcher consumer"      daemon [_thread_blocked, id=7576, stack(0x000000a055600000,0x000000a055700000) (1024K)]
  0x000001c6ae05daf0 JavaThread "jar transforms"                    [_thread_blocked, id=15412, stack(0x000000a055700000,0x000000a055800000) (1024K)]
  0x000001c6ae05f530 JavaThread "jar transforms Thread 2"           [_thread_blocked, id=18472, stack(0x000000a055800000,0x000000a055900000) (1024K)]
  0x000001c6ae05e180 JavaThread "jar transforms Thread 3"           [_thread_blocked, id=2872, stack(0x000000a055900000,0x000000a055a00000) (1024K)]
  0x000001c6ae05fbc0 JavaThread "jar transforms Thread 4"           [_thread_blocked, id=19564, stack(0x000000a055a00000,0x000000a055b00000) (1024K)]
  0x000001c6ae05c740 JavaThread "jar transforms Thread 5"           [_thread_blocked, id=180, stack(0x000000a055b00000,0x000000a055c00000) (1024K)]
  0x000001c6ae05e810 JavaThread "jar transforms Thread 6"           [_thread_blocked, id=22572, stack(0x000000a055c00000,0x000000a055d00000) (1024K)]
  0x000001c6ae05cdd0 JavaThread "Cache worker for checksums cache (C:\programmers\sbb\sbb\.gradle\8.14.3\checksums)"        [_thread_blocked, id=15048, stack(0x000000a055d00000,0x000000a055e00000) (1024K)]
  0x000001c6ae0608e0 JavaThread "Cache worker for file content cache (C:\Users\mirmi\.gradle\caches\8.14.3\fileContent)"        [_thread_blocked, id=7096, stack(0x000000a055e00000,0x000000a055f00000) (1024K)]
  0x000001c6ae063040 JavaThread "Cache worker for cache directory md-supplier (C:\Users\mirmi\.gradle\caches\8.14.3\md-supplier)"        [_thread_blocked, id=22308, stack(0x000000a055f00000,0x000000a056000000) (1024K)]
  0x000001c6ae0629b0 JavaThread "Cache worker for cache directory md-rule (C:\Users\mirmi\.gradle\caches\8.14.3\md-rule)"        [_thread_blocked, id=19096, stack(0x000000a056000000,0x000000a056100000) (1024K)]
  0x000001c6ae0636d0 JavaThread "Unconstrained build operations"        [_thread_blocked, id=13824, stack(0x000000a056100000,0x000000a056200000) (1024K)]
  0x000001c6ae062320 JavaThread "Unconstrained build operations Thread 2"        [_thread_blocked, id=25528, stack(0x000000a056200000,0x000000a056300000) (1024K)]
  0x000001c6ae061600 JavaThread "Unconstrained build operations Thread 3"        [_thread_blocked, id=3312, stack(0x000000a056300000,0x000000a056400000) (1024K)]
  0x000001c6ae060f70 JavaThread "Unconstrained build operations Thread 4"        [_thread_blocked, id=22568, stack(0x000000a056400000,0x000000a056500000) (1024K)]
  0x000001c6ae063d60 JavaThread "Unconstrained build operations Thread 5"        [_thread_blocked, id=13092, stack(0x000000a056500000,0x000000a056600000) (1024K)]
  0x000001c6ae061c90 JavaThread "Unconstrained build operations Thread 6"        [_thread_blocked, id=14112, stack(0x000000a056600000,0x000000a056700000) (1024K)]
  0x000001c6afd83f10 JavaThread "Unconstrained build operations Thread 7"        [_thread_blocked, id=6684, stack(0x000000a056700000,0x000000a056800000) (1024K)]
  0x000001c6afd83880 JavaThread "Unconstrained build operations Thread 8"        [_thread_blocked, id=27300, stack(0x000000a056800000,0x000000a056900000) (1024K)]
  0x000001c6afd817b0 JavaThread "Unconstrained build operations Thread 9"        [_thread_blocked, id=5748, stack(0x000000a056900000,0x000000a056a00000) (1024K)]
  0x000001c6afd81e40 JavaThread "Unconstrained build operations Thread 10"        [_thread_blocked, id=9644, stack(0x000000a056a00000,0x000000a056b00000) (1024K)]
  0x000001c6afd845a0 JavaThread "Unconstrained build operations Thread 11"        [_thread_blocked, id=25484, stack(0x000000a056b00000,0x000000a056c00000) (1024K)]
  0x000001c6afd81120 JavaThread "Unconstrained build operations Thread 12"        [_thread_blocked, id=11740, stack(0x000000a056c00000,0x000000a056d00000) (1024K)]
  0x000001c6afd824d0 JavaThread "Unconstrained build operations Thread 13"        [_thread_blocked, id=25680, stack(0x000000a056d00000,0x000000a056e00000) (1024K)]
  0x000001c6afd82b60 JavaThread "Unconstrained build operations Thread 14"        [_thread_blocked, id=15536, stack(0x000000a056e00000,0x000000a056f00000) (1024K)]
  0x000001c6afd831f0 JavaThread "Unconstrained build operations Thread 15"        [_thread_blocked, id=19708, stack(0x000000a056f00000,0x000000a057000000) (1024K)]
  0x000001c6b023a4d0 JavaThread "Unconstrained build operations Thread 16"        [_thread_blocked, id=16412, stack(0x000000a057000000,0x000000a057100000) (1024K)]
  0x000001c6b0238a90 JavaThread "Unconstrained build operations Thread 17"        [_thread_blocked, id=26716, stack(0x000000a057100000,0x000000a057200000) (1024K)]
  0x000001c6b0237d70 JavaThread "Unconstrained build operations Thread 18"        [_thread_blocked, id=25076, stack(0x000000a057200000,0x000000a057300000) (1024K)]
  0x000001c6b0239120 JavaThread "Unconstrained build operations Thread 19"        [_thread_blocked, id=24256, stack(0x000000a057300000,0x000000a057400000) (1024K)]
  0x000001c6adc5f050 JavaThread "Unconstrained build operations Thread 20"        [_thread_blocked, id=27196, stack(0x000000a055100000,0x000000a055200000) (1024K)]
  0x000001c6adc5f6e0 JavaThread "Unconstrained build operations Thread 21"        [_thread_blocked, id=21692, stack(0x000000a057500000,0x000000a057600000) (1024K)]
  0x000001c6b023b1f0 JavaThread "Unconstrained build operations Thread 22"        [_thread_blocked, id=1968, stack(0x000000a057600000,0x000000a057700000) (1024K)]
  0x000001c6add627d0 JavaThread "Unconstrained build operations Thread 23"        [_thread_blocked, id=16576, stack(0x000000a057800000,0x000000a057900000) (1024K)]
  0x000001c6add64f30 JavaThread "Unconstrained build operations Thread 24"        [_thread_blocked, id=4304, stack(0x000000a057900000,0x000000a057a00000) (1024K)]
  0x000001c6add63b80 JavaThread "Unconstrained build operations Thread 25"        [_thread_blocked, id=14236, stack(0x000000a057a00000,0x000000a057b00000) (1024K)]
  0x000001c6add62140 JavaThread "Unconstrained build operations Thread 26"        [_thread_blocked, id=3040, stack(0x000000a057b00000,0x000000a057c00000) (1024K)]
  0x000001c6add61ab0 JavaThread "Unconstrained build operations Thread 27"        [_thread_blocked, id=21780, stack(0x000000a057c00000,0x000000a057d00000) (1024K)]
  0x000001c6add66970 JavaThread "Unconstrained build operations Thread 28"        [_thread_blocked, id=13848, stack(0x000000a057d00000,0x000000a057e00000) (1024K)]
  0x000001c6add655c0 JavaThread "Unconstrained build operations Thread 29"        [_thread_blocked, id=18452, stack(0x000000a057e00000,0x000000a057f00000) (1024K)]
  0x000001c6add65c50 JavaThread "Unconstrained build operations Thread 30"        [_thread_blocked, id=26128, stack(0x000000a057f00000,0x000000a058000000) (1024K)]
  0x000001c6add67000 JavaThread "Unconstrained build operations Thread 31"        [_thread_blocked, id=768, stack(0x000000a058000000,0x000000a058100000) (1024K)]
  0x000001c6add662e0 JavaThread "Unconstrained build operations Thread 32"        [_thread_blocked, id=6056, stack(0x000000a058100000,0x000000a058200000) (1024K)]
  0x000001c6add67690 JavaThread "Unconstrained build operations Thread 33"        [_thread_blocked, id=5196, stack(0x000000a058200000,0x000000a058300000) (1024K)]
  0x000001c6add64210 JavaThread "Unconstrained build operations Thread 34"        [_thread_blocked, id=8308, stack(0x000000a058300000,0x000000a058400000) (1024K)]
  0x000001c6add67d20 JavaThread "Unconstrained build operations Thread 35"        [_thread_blocked, id=24448, stack(0x000000a058400000,0x000000a058500000) (1024K)]
  0x000001c6add683b0 JavaThread "Unconstrained build operations Thread 36"        [_thread_blocked, id=8296, stack(0x000000a058500000,0x000000a058600000) (1024K)]
  0x000001c6add68a40 JavaThread "Unconstrained build operations Thread 37"        [_thread_blocked, id=25576, stack(0x000000a058600000,0x000000a058700000) (1024K)]
  0x000001c6add690d0 JavaThread "Unconstrained build operations Thread 38"        [_thread_blocked, id=8408, stack(0x000000a058700000,0x000000a058800000) (1024K)]
  0x000001c6bf3672a0 JavaThread "Unconstrained build operations Thread 39"        [_thread_blocked, id=4920, stack(0x000000a058800000,0x000000a058900000) (1024K)]
  0x000001c6bf367fc0 JavaThread "Unconstrained build operations Thread 40"        [_thread_blocked, id=25876, stack(0x000000a058900000,0x000000a058a00000) (1024K)]
  0x000001c6bf364b40 JavaThread "Unconstrained build operations Thread 41"        [_thread_blocked, id=9964, stack(0x000000a058a00000,0x000000a058b00000) (1024K)]
  0x000001c6bf365860 JavaThread "Memory manager"                    [_thread_blocked, id=6712, stack(0x000000a058b00000,0x000000a058c00000) (1024K)]
  0x000001c6bf369370 JavaThread "Kotlin DSL Writer"                 [_thread_blocked, id=19516, stack(0x000000a058c00000,0x000000a058d00000) (1024K)]
=>0x000001c6bf929070 JavaThread "C2 CompilerThread1"         daemon [_thread_in_native, id=10220, stack(0x000000a057700000,0x000000a057800000) (1024K)]
Total: 82

Other Threads:
  0x000001c6924498e0 VMThread "VM Thread"                           [id=17256, stack(0x000000a053400000,0x000000a053500000) (1024K)]
  0x000001c69243aa20 WatcherThread "VM Periodic Task Thread"        [id=16632, stack(0x000000a053300000,0x000000a053400000) (1024K)]
  0x000001c6f5d218a0 WorkerThread "GC Thread#0"                     [id=10520, stack(0x000000a052e00000,0x000000a052f00000) (1024K)]
  0x000001c6928c9310 WorkerThread "GC Thread#1"                     [id=19484, stack(0x000000a053f00000,0x000000a054000000) (1024K)]
  0x000001c6928c96b0 WorkerThread "GC Thread#2"                     [id=23340, stack(0x000000a054000000,0x000000a054100000) (1024K)]
  0x000001c69285f380 WorkerThread "GC Thread#3"                     [id=7648, stack(0x000000a054100000,0x000000a054200000) (1024K)]
  0x000001c69285f720 WorkerThread "GC Thread#4"                     [id=22072, stack(0x000000a054200000,0x000000a054300000) (1024K)]
  0x000001c69285fac0 WorkerThread "GC Thread#5"                     [id=23788, stack(0x000000a054300000,0x000000a054400000) (1024K)]
  0x000001c6f5d26790 ConcurrentGCThread "G1 Main Marker"            [id=21164, stack(0x000000a052f00000,0x000000a053000000) (1024K)]
  0x000001c6f5d28020 WorkerThread "G1 Conc#0"                       [id=9428, stack(0x000000a053000000,0x000000a053100000) (1024K)]
  0x000001c6ae0c8e50 WorkerThread "G1 Conc#1"                       [id=15708, stack(0x000000a055200000,0x000000a055300000) (1024K)]
  0x000001c6f5dbea20 ConcurrentGCThread "G1 Refine#0"               [id=25832, stack(0x000000a053100000,0x000000a053200000) (1024K)]
  0x000001c69230a750 ConcurrentGCThread "G1 Service"                [id=5712, stack(0x000000a053200000,0x000000a053300000) (1024K)]
Total: 13

Threads with active compile tasks:
C2 CompilerThread1    31030 15303       4       org.jetbrains.kotlin.load.java.structure.impl.classFiles.BinaryClassSignatureParser::parseParameterizedClassRefSignature (257 bytes)
Total: 1

VM state: not at safepoint (normal execution)

VM Mutex/Monitor currently owned by a thread: None

Heap address: 0x00000000e0000000, size: 512 MB, Compressed Oops mode: 32-bit

CDS archive(s) mapped at: [0x000001c693000000-0x000001c693c90000-0x000001c693c90000), size 13172736, SharedBaseAddress: 0x000001c693000000, ArchiveRelocationMode: 1.
Compressed class space mapped at: 0x000001c694000000-0x000001c6a8000000, reserved size: 335544320
Narrow klass base: 0x000001c693000000, Narrow klass shift: 0, Narrow klass range: 0x100000000

GC Precious Log:
 CardTable entry size: 512
 Card Set container configuration: InlinePtr #cards 5 size 8 Array Of Cards #cards 12 size 40 Howl #buckets 4 coarsen threshold 1843 Howl Bitmap #cards 512 size 80 coarsen threshold 460 Card regions per heap region 1 cards per card region 2048
 CPUs: 6 total, 6 available
 Memory: 7549M
 Large Page Support: Disabled
 NUMA Support: Disabled
 Compressed Oops: Enabled (32-bit)
 Heap Region Size: 1M
 Heap Min Capacity: 256M
 Heap Initial Capacity: 256M
 Heap Max Capacity: 512M
 Pre-touch: Disabled
 Parallel Workers: 6
 Concurrent Workers: 2
 Concurrent Refinement Workers: 6
 Periodic GC: Disabled

Heap:
 garbage-first heap   total 275456K, used 188014K [0x00000000e0000000, 0x0000000100000000)
  region size 1024K, 48 young (49152K), 12 survivors (12288K)
 Metaspace       used 137530K, committed 140160K, reserved 458752K
  class space    used 17663K, committed 18944K, reserved 327680K

Heap Regions: E=young(eden), S=young(survivor), O=old, HS=humongous(starts), HC=humongous(continues), CS=collection set, F=free, TAMS=top-at-mark-start, PB=parsable bottom
|   0|0x00000000e0000000, 0x00000000e0100000, 0x00000000e0100000|100%|HS|  |TAMS 0x00000000e0000000| PB 0x00000000e0000000| Complete 
|   1|0x00000000e0100000, 0x00000000e0200000, 0x00000000e0200000|100%|HC|  |TAMS 0x00000000e0100000| PB 0x00000000e0100000| Complete 
|   2|0x00000000e0200000, 0x00000000e0300000, 0x00000000e0300000|100%|HC|  |TAMS 0x00000000e0200000| PB 0x00000000e0200000| Complete 
|   3|0x00000000e0300000, 0x00000000e0400000, 0x00000000e0400000|100%| O|  |TAMS 0x00000000e0300000| PB 0x00000000e0300000| Untracked 
|   4|0x00000000e0400000, 0x00000000e0500000, 0x00000000e0500000|100%| O|  |TAMS 0x00000000e0400000| PB 0x00000000e0400000| Untracked 
|   5|0x00000000e0500000, 0x00000000e0600000, 0x00000000e0600000|100%| O|  |TAMS 0x00000000e0500000| PB 0x00000000e0500000| Untracked 
|   6|0x00000000e0600000, 0x00000000e0700000, 0x00000000e0700000|100%|HS|  |TAMS 0x00000000e0600000| PB 0x00000000e0600000| Complete 
|   7|0x00000000e0700000, 0x00000000e0800000, 0x00000000e0800000|100%|HS|  |TAMS 0x00000000e0700000| PB 0x00000000e0700000| Complete 
|   8|0x00000000e0800000, 0x00000000e0900000, 0x00000000e0900000|100%|HC|  |TAMS 0x00000000e0800000| PB 0x00000000e0800000| Complete 
|   9|0x00000000e0900000, 0x00000000e0a00000, 0x00000000e0a00000|100%|HC|  |TAMS 0x00000000e0900000| PB 0x00000000e0900000| Complete 
|  10|0x00000000e0a00000, 0x00000000e0b00000, 0x00000000e0b00000|100%|HC|  |TAMS 0x00000000e0a00000| PB 0x00000000e0a00000| Complete 
|  11|0x00000000e0b00000, 0x00000000e0c00000, 0x00000000e0c00000|100%|HC|  |TAMS 0x00000000e0b00000| PB 0x00000000e0b00000| Complete 
|  12|0x00000000e0c00000, 0x00000000e0d00000, 0x00000000e0d00000|100%|HC|  |TAMS 0x00000000e0c00000| PB 0x00000000e0c00000| Complete 
|  13|0x00000000e0d00000, 0x00000000e0e00000, 0x00000000e0e00000|100%|HS|  |TAMS 0x00000000e0d00000| PB 0x00000000e0d00000| Complete 
|  14|0x00000000e0e00000, 0x00000000e0f00000, 0x00000000e0f00000|100%|HS|  |TAMS 0x00000000e0e00000| PB 0x00000000e0e00000| Complete 
|  15|0x00000000e0f00000, 0x00000000e1000000, 0x00000000e1000000|100%|HC|  |TAMS 0x00000000e0f00000| PB 0x00000000e0f00000| Complete 
|  16|0x00000000e1000000, 0x00000000e1100000, 0x00000000e1100000|100%|HS|  |TAMS 0x00000000e1000000| PB 0x00000000e1000000| Complete 
|  17|0x00000000e1100000, 0x00000000e1200000, 0x00000000e1200000|100%|HS|  |TAMS 0x00000000e1100000| PB 0x00000000e1100000| Complete 
|  18|0x00000000e1200000, 0x00000000e1300000, 0x00000000e1300000|100%|HC|  |TAMS 0x00000000e1200000| PB 0x00000000e1200000| Complete 
|  19|0x00000000e1300000, 0x00000000e1400000, 0x00000000e1400000|100%|HC|  |TAMS 0x00000000e1300000| PB 0x00000000e1300000| Complete 
|  20|0x00000000e1400000, 0x00000000e1500000, 0x00000000e1500000|100%|HS|  |TAMS 0x00000000e1400000| PB 0x00000000e1400000| Complete 
|  21|0x00000000e1500000, 0x00000000e1600000, 0x00000000e1600000|100%|HC|  |TAMS 0x00000000e1500000| PB 0x00000000e1500000| Complete 
|  22|0x00000000e1600000, 0x00000000e1700000, 0x00000000e1700000|100%|HC|  |TAMS 0x00000000e1600000| PB 0x00000000e1600000| Complete 
|  23|0x00000000e1700000, 0x00000000e1800000, 0x00000000e1800000|100%|HC|  |TAMS 0x00000000e1700000| PB 0x00000000e1700000| Complete 
|  24|0x00000000e1800000, 0x00000000e1900000, 0x00000000e1900000|100%|HC|  |TAMS 0x00000000e1800000| PB 0x00000000e1800000| Complete 
|  25|0x00000000e1900000, 0x00000000e1a00000, 0x00000000e1a00000|100%|HC|  |TAMS 0x00000000e1900000| PB 0x00000000e1900000| Complete 
|  26|0x00000000e1a00000, 0x00000000e1b00000, 0x00000000e1b00000|100%|HS|  |TAMS 0x00000000e1a00000| PB 0x00000000e1a00000| Complete 
|  27|0x00000000e1b00000, 0x00000000e1c00000, 0x00000000e1c00000|100%|HS|  |TAMS 0x00000000e1b00000| PB 0x00000000e1b00000| Complete 
|  28|0x00000000e1c00000, 0x00000000e1d00000, 0x00000000e1d00000|100%|HC|  |TAMS 0x00000000e1c00000| PB 0x00000000e1c00000| Complete 
|  29|0x00000000e1d00000, 0x00000000e1e00000, 0x00000000e1e00000|100%|HS|  |TAMS 0x00000000e1d00000| PB 0x00000000e1d00000| Complete 
|  30|0x00000000e1e00000, 0x00000000e1f00000, 0x00000000e1f00000|100%|HS|  |TAMS 0x00000000e1e00000| PB 0x00000000e1e00000| Complete 
|  31|0x00000000e1f00000, 0x00000000e2000000, 0x00000000e2000000|100%|HC|  |TAMS 0x00000000e1f00000| PB 0x00000000e1f00000| Complete 
|  32|0x00000000e2000000, 0x00000000e2100000, 0x00000000e2100000|100%|HC|  |TAMS 0x00000000e2000000| PB 0x00000000e2000000| Complete 
|  33|0x00000000e2100000, 0x00000000e2200000, 0x00000000e2200000|100%| O|  |TAMS 0x00000000e2100000| PB 0x00000000e2100000| Untracked 
|  34|0x00000000e2200000, 0x00000000e2300000, 0x00000000e2300000|100%| O|  |TAMS 0x00000000e2200000| PB 0x00000000e2200000| Untracked 
|  35|0x00000000e2300000, 0x00000000e2400000, 0x00000000e2400000|100%| O|  |TAMS 0x00000000e2300000| PB 0x00000000e2300000| Untracked 
|  36|0x00000000e2400000, 0x00000000e2500000, 0x00000000e2500000|100%| O|  |TAMS 0x00000000e2400000| PB 0x00000000e2400000| Untracked 
|  37|0x00000000e2500000, 0x00000000e2600000, 0x00000000e2600000|100%| O|  |TAMS 0x00000000e2500000| PB 0x00000000e2500000| Untracked 
|  38|0x00000000e2600000, 0x00000000e2700000, 0x00000000e2700000|100%| O|  |TAMS 0x00000000e2600000| PB 0x00000000e2600000| Untracked 
|  39|0x00000000e2700000, 0x00000000e2800000, 0x00000000e2800000|100%| O|  |TAMS 0x00000000e2700000| PB 0x00000000e2700000| Untracked 
|  40|0x00000000e2800000, 0x00000000e2900000, 0x00000000e2900000|100%| O|  |TAMS 0x00000000e2800000| PB 0x00000000e2800000| Untracked 
|  41|0x00000000e2900000, 0x00000000e2a00000, 0x00000000e2a00000|100%| O|  |TAMS 0x00000000e2900000| PB 0x00000000e2900000| Untracked 
|  42|0x00000000e2a00000, 0x00000000e2b00000, 0x00000000e2b00000|100%| O|  |TAMS 0x00000000e2a00000| PB 0x00000000e2a00000| Untracked 
|  43|0x00000000e2b00000, 0x00000000e2c00000, 0x00000000e2c00000|100%| O|  |TAMS 0x00000000e2b00000| PB 0x00000000e2b00000| Untracked 
|  44|0x00000000e2c00000, 0x00000000e2d00000, 0x00000000e2d00000|100%| O|  |TAMS 0x00000000e2c00000| PB 0x00000000e2c00000| Untracked 
|  45|0x00000000e2d00000, 0x00000000e2e00000, 0x00000000e2e00000|100%| O|  |TAMS 0x00000000e2d00000| PB 0x00000000e2d00000| Untracked 
|  46|0x00000000e2e00000, 0x00000000e2f00000, 0x00000000e2f00000|100%| O|  |TAMS 0x00000000e2e00000| PB 0x00000000e2e00000| Untracked 
|  47|0x00000000e2f00000, 0x00000000e3000000, 0x00000000e3000000|100%| O|  |TAMS 0x00000000e2f00000| PB 0x00000000e2f00000| Untracked 
|  48|0x00000000e3000000, 0x00000000e3100000, 0x00000000e3100000|100%| O|  |TAMS 0x00000000e3000000| PB 0x00000000e3000000| Untracked 
|  49|0x00000000e3100000, 0x00000000e3200000, 0x00000000e3200000|100%| O|  |TAMS 0x00000000e3100000| PB 0x00000000e3100000| Untracked 
|  50|0x00000000e3200000, 0x00000000e3300000, 0x00000000e3300000|100%| O|  |TAMS 0x00000000e3200000| PB 0x00000000e3200000| Untracked 
|  51|0x00000000e3300000, 0x00000000e3400000, 0x00000000e3400000|100%| O|  |TAMS 0x00000000e3300000| PB 0x00000000e3300000| Untracked 
|  52|0x00000000e3400000, 0x00000000e3500000, 0x00000000e3500000|100%| O|  |TAMS 0x00000000e3400000| PB 0x00000000e3400000| Untracked 
|  53|0x00000000e3500000, 0x00000000e3600000, 0x00000000e3600000|100%| O|  |TAMS 0x00000000e3500000| PB 0x00000000e3500000| Untracked 
|  54|0x00000000e3600000, 0x00000000e3700000, 0x00000000e3700000|100%|HS|  |TAMS 0x00000000e3600000| PB 0x00000000e3600000| Complete 
|  55|0x00000000e3700000, 0x00000000e3800000, 0x00000000e3800000|100%|HC|  |TAMS 0x00000000e3700000| PB 0x00000000e3700000| Complete 
|  56|0x00000000e3800000, 0x00000000e3900000, 0x00000000e3900000|100%|HS|  |TAMS 0x00000000e3800000| PB 0x00000000e3800000| Complete 
|  57|0x00000000e3900000, 0x00000000e3a00000, 0x00000000e3a00000|100%|HC|  |TAMS 0x00000000e3900000| PB 0x00000000e3900000| Complete 
|  58|0x00000000e3a00000, 0x00000000e3b00000, 0x00000000e3b00000|100%|HC|  |TAMS 0x00000000e3a00000| PB 0x00000000e3a00000| Complete 
|  59|0x00000000e3b00000, 0x00000000e3c00000, 0x00000000e3c00000|100%|HC|  |TAMS 0x00000000e3b00000| PB 0x00000000e3b00000| Complete 
|  60|0x00000000e3c00000, 0x00000000e3d00000, 0x00000000e3d00000|100%|HC|  |TAMS 0x00000000e3c00000| PB 0x00000000e3c00000| Complete 
|  61|0x00000000e3d00000, 0x00000000e3e00000, 0x00000000e3e00000|100%|HC|  |TAMS 0x00000000e3d00000| PB 0x00000000e3d00000| Complete 
|  62|0x00000000e3e00000, 0x00000000e3f00000, 0x00000000e3f00000|100%|HS|  |TAMS 0x00000000e3e00000| PB 0x00000000e3e00000| Complete 
|  63|0x00000000e3f00000, 0x00000000e4000000, 0x00000000e4000000|100%|HS|  |TAMS 0x00000000e3f00000| PB 0x00000000e3f00000| Complete 
|  64|0x00000000e4000000, 0x00000000e4100000, 0x00000000e4100000|100%|HC|  |TAMS 0x00000000e4000000| PB 0x00000000e4000000| Complete 
|  65|0x00000000e4100000, 0x00000000e4200000, 0x00000000e4200000|100%|HC|  |TAMS 0x00000000e4100000| PB 0x00000000e4100000| Complete 
|  66|0x00000000e4200000, 0x00000000e4300000, 0x00000000e4300000|100%|HC|  |TAMS 0x00000000e4200000| PB 0x00000000e4200000| Complete 
|  67|0x00000000e4300000, 0x00000000e4400000, 0x00000000e4400000|100%|HC|  |TAMS 0x00000000e4300000| PB 0x00000000e4300000| Complete 
|  68|0x00000000e4400000, 0x00000000e4500000, 0x00000000e4500000|100%|HC|  |TAMS 0x00000000e4400000| PB 0x00000000e4400000| Complete 
|  69|0x00000000e4500000, 0x00000000e4600000, 0x00000000e4600000|100%|HS|  |TAMS 0x00000000e4500000| PB 0x00000000e4500000| Complete 
|  70|0x00000000e4600000, 0x00000000e4700000, 0x00000000e4700000|100%| O|  |TAMS 0x00000000e4600000| PB 0x00000000e4600000| Untracked 
|  71|0x00000000e4700000, 0x00000000e4800000, 0x00000000e4800000|100%| O|  |TAMS 0x00000000e4700000| PB 0x00000000e4700000| Untracked 
|  72|0x00000000e4800000, 0x00000000e4900000, 0x00000000e4900000|100%| O|  |TAMS 0x00000000e4800000| PB 0x00000000e4800000| Untracked 
|  73|0x00000000e4900000, 0x00000000e4a00000, 0x00000000e4a00000|100%| O|  |TAMS 0x00000000e4900000| PB 0x00000000e4900000| Untracked 
|  74|0x00000000e4a00000, 0x00000000e4b00000, 0x00000000e4b00000|100%| O|  |TAMS 0x00000000e4a00000| PB 0x00000000e4a00000| Untracked 
|  75|0x00000000e4b00000, 0x00000000e4c00000, 0x00000000e4c00000|100%| O|  |TAMS 0x00000000e4b00000| PB 0x00000000e4b00000| Untracked 
|  76|0x00000000e4c00000, 0x00000000e4d00000, 0x00000000e4d00000|100%| O|  |TAMS 0x00000000e4c00000| PB 0x00000000e4c00000| Untracked 
|  77|0x00000000e4d00000, 0x00000000e4e00000, 0x00000000e4e00000|100%| O|  |TAMS 0x00000000e4d00000| PB 0x00000000e4d00000| Untracked 
|  78|0x00000000e4e00000, 0x00000000e4f00000, 0x00000000e4f00000|100%| O|  |TAMS 0x00000000e4e00000| PB 0x00000000e4e00000| Untracked 
|  79|0x00000000e4f00000, 0x00000000e5000000, 0x00000000e5000000|100%| O|  |TAMS 0x00000000e4f00000| PB 0x00000000e4f00000| Untracked 
|  80|0x00000000e5000000, 0x00000000e5100000, 0x00000000e5100000|100%| O|  |TAMS 0x00000000e5000000| PB 0x00000000e5000000| Untracked 
|  81|0x00000000e5100000, 0x00000000e5200000, 0x00000000e5200000|100%| O|  |TAMS 0x00000000e5100000| PB 0x00000000e5100000| Untracked 
|  82|0x00000000e5200000, 0x00000000e5300000, 0x00000000e5300000|100%| O|  |TAMS 0x00000000e5200000| PB 0x00000000e5200000| Untracked 
|  83|0x00000000e5300000, 0x00000000e5400000, 0x00000000e5400000|100%| O|  |TAMS 0x00000000e5300000| PB 0x00000000e5300000| Untracked 
|  84|0x00000000e5400000, 0x00000000e5500000, 0x00000000e5500000|100%| O|  |TAMS 0x00000000e5400000| PB 0x00000000e5400000| Untracked 
|  85|0x00000000e5500000, 0x00000000e5600000, 0x00000000e5600000|100%| O|  |TAMS 0x00000000e5500000| PB 0x00000000e5500000| Untracked 
|  86|0x00000000e5600000, 0x00000000e5700000, 0x00000000e5700000|100%| O|  |TAMS 0x00000000e5600000| PB 0x00000000e5600000| Untracked 
|  87|0x00000000e5700000, 0x00000000e5800000, 0x00000000e5800000|100%| O|  |TAMS 0x00000000e5700000| PB 0x00000000e5700000| Untracked 
|  88|0x00000000e5800000, 0x00000000e5900000, 0x00000000e5900000|100%| O|  |TAMS 0x00000000e5800000| PB 0x00000000e5800000| Untracked 
|  89|0x00000000e5900000, 0x00000000e5a00000, 0x00000000e5a00000|100%| O|  |TAMS 0x00000000e5900000| PB 0x00000000e5900000| Untracked 
|  90|0x00000000e5a00000, 0x00000000e5b00000, 0x00000000e5b00000|100%| O|  |TAMS 0x00000000e5a00000| PB 0x00000000e5a00000| Untracked 
|  91|0x00000000e5b00000, 0x00000000e5c00000, 0x00000000e5c00000|100%|HS|  |TAMS 0x00000000e5b00000| PB 0x00000000e5b00000| Complete 
|  92|0x00000000e5c00000, 0x00000000e5d00000, 0x00000000e5d00000|100%|HC|  |TAMS 0x00000000e5c00000| PB 0x00000000e5c00000| Complete 
|  93|0x00000000e5d00000, 0x00000000e5e00000, 0x00000000e5e00000|100%|HC|  |TAMS 0x00000000e5d00000| PB 0x00000000e5d00000| Complete 
|  94|0x00000000e5e00000, 0x00000000e5f00000, 0x00000000e5f00000|100%|HC|  |TAMS 0x00000000e5e00000| PB 0x00000000e5e00000| Complete 
|  95|0x00000000e5f00000, 0x00000000e6000000, 0x00000000e6000000|100%|HC|  |TAMS 0x00000000e5f00000| PB 0x00000000e5f00000| Complete 
|  96|0x00000000e6000000, 0x00000000e6100000, 0x00000000e6100000|100%|HC|  |TAMS 0x00000000e6000000| PB 0x00000000e6000000| Complete 
|  97|0x00000000e6100000, 0x00000000e6200000, 0x00000000e6200000|100%|HS|  |TAMS 0x00000000e6100000| PB 0x00000000e6100000| Complete 
|  98|0x00000000e6200000, 0x00000000e6300000, 0x00000000e6300000|100%| O|  |TAMS 0x00000000e6200000| PB 0x00000000e6200000| Untracked 
|  99|0x00000000e6300000, 0x00000000e6400000, 0x00000000e6400000|100%| O|  |TAMS 0x00000000e6300000| PB 0x00000000e6300000| Untracked 
| 100|0x00000000e6400000, 0x00000000e6500000, 0x00000000e6500000|100%| O|  |TAMS 0x00000000e6400000| PB 0x00000000e6400000| Untracked 
| 101|0x00000000e6500000, 0x00000000e6600000, 0x00000000e6600000|100%| O|  |TAMS 0x00000000e6500000| PB 0x00000000e6500000| Untracked 
| 102|0x00000000e6600000, 0x00000000e6700000, 0x00000000e6700000|100%| O|  |TAMS 0x00000000e6600000| PB 0x00000000e6600000| Untracked 
| 103|0x00000000e6700000, 0x00000000e6800000, 0x00000000e6800000|100%| O|  |TAMS 0x00000000e6700000| PB 0x00000000e6700000| Untracked 
| 104|0x00000000e6800000, 0x00000000e6900000, 0x00000000e6900000|100%| O|  |TAMS 0x00000000e6800000| PB 0x00000000e6800000| Untracked 
| 105|0x00000000e6900000, 0x00000000e6a00000, 0x00000000e6a00000|100%| O|  |TAMS 0x00000000e6900000| PB 0x00000000e6900000| Untracked 
| 106|0x00000000e6a00000, 0x00000000e6b00000, 0x00000000e6b00000|100%| O|  |TAMS 0x00000000e6a00000| PB 0x00000000e6a00000| Untracked 
| 107|0x00000000e6b00000, 0x00000000e6c00000, 0x00000000e6c00000|100%| O|  |TAMS 0x00000000e6b00000| PB 0x00000000e6b00000| Untracked 
| 108|0x00000000e6c00000, 0x00000000e6d00000, 0x00000000e6d00000|100%| O|  |TAMS 0x00000000e6c00000| PB 0x00000000e6c00000| Untracked 
| 109|0x00000000e6d00000, 0x00000000e6e00000, 0x00000000e6e00000|100%| O|  |TAMS 0x00000000e6d00000| PB 0x00000000e6d00000| Untracked 
| 110|0x00000000e6e00000, 0x00000000e6f00000, 0x00000000e6f00000|100%| O|  |TAMS 0x00000000e6e00000| PB 0x00000000e6e00000| Untracked 
| 111|0x00000000e6f00000, 0x00000000e7000000, 0x00000000e7000000|100%| O|  |TAMS 0x00000000e6f00000| PB 0x00000000e6f00000| Untracked 
| 112|0x00000000e7000000, 0x00000000e7100000, 0x00000000e7100000|100%| O|  |TAMS 0x00000000e7000000| PB 0x00000000e7000000| Untracked 
| 113|0x00000000e7100000, 0x00000000e7200000, 0x00000000e7200000|100%| O|  |TAMS 0x00000000e7100000| PB 0x00000000e7100000| Untracked 
| 114|0x00000000e7200000, 0x00000000e7300000, 0x00000000e7300000|100%| O|  |TAMS 0x00000000e7200000| PB 0x00000000e7200000| Untracked 
| 115|0x00000000e7300000, 0x00000000e7300000, 0x00000000e7400000|  0%| F|  |TAMS 0x00000000e7300000| PB 0x00000000e7300000| Untracked 
| 116|0x00000000e7400000, 0x00000000e7500000, 0x00000000e7500000|100%| O|  |TAMS 0x00000000e7400000| PB 0x00000000e7400000| Untracked 
| 117|0x00000000e7500000, 0x00000000e7600000, 0x00000000e7600000|100%| O|  |TAMS 0x00000000e7500000| PB 0x00000000e7500000| Untracked 
| 118|0x00000000e7600000, 0x00000000e7700000, 0x00000000e7700000|100%| O|  |TAMS 0x00000000e7600000| PB 0x00000000e7600000| Untracked 
| 119|0x00000000e7700000, 0x00000000e7800000, 0x00000000e7800000|100%| O|  |TAMS 0x00000000e7700000| PB 0x00000000e7700000| Untracked 
| 120|0x00000000e7800000, 0x00000000e7900000, 0x00000000e7900000|100%| O|  |TAMS 0x00000000e7800000| PB 0x00000000e7800000| Untracked 
| 121|0x00000000e7900000, 0x00000000e7900000, 0x00000000e7a00000|  0%| F|  |TAMS 0x00000000e7900000| PB 0x00000000e7900000| Untracked 
| 122|0x00000000e7a00000, 0x00000000e7b00000, 0x00000000e7b00000|100%| O|  |TAMS 0x00000000e7a00000| PB 0x00000000e7a00000| Untracked 
| 123|0x00000000e7b00000, 0x00000000e7c00000, 0x00000000e7c00000|100%| O|  |TAMS 0x00000000e7b00000| PB 0x00000000e7b00000| Untracked 
| 124|0x00000000e7c00000, 0x00000000e7d00000, 0x00000000e7d00000|100%| O|  |TAMS 0x00000000e7c00000| PB 0x00000000e7c00000| Untracked 
| 125|0x00000000e7d00000, 0x00000000e7e00000, 0x00000000e7e00000|100%| O|  |TAMS 0x00000000e7d00000| PB 0x00000000e7d00000| Untracked 
| 126|0x00000000e7e00000, 0x00000000e7f00000, 0x00000000e7f00000|100%| O|  |TAMS 0x00000000e7e00000| PB 0x00000000e7e00000| Untracked 
| 127|0x00000000e7f00000, 0x00000000e8000000, 0x00000000e8000000|100%| O|  |TAMS 0x00000000e7f00000| PB 0x00000000e7f00000| Untracked 
| 128|0x00000000e8000000, 0x00000000e8100000, 0x00000000e8100000|100%| O|  |TAMS 0x00000000e8000000| PB 0x00000000e8000000| Untracked 
| 129|0x00000000e8100000, 0x00000000e8200000, 0x00000000e8200000|100%| O|  |TAMS 0x00000000e8100000| PB 0x00000000e8100000| Untracked 
| 130|0x00000000e8200000, 0x00000000e8200000, 0x00000000e8300000|  0%| F|  |TAMS 0x00000000e8200000| PB 0x00000000e8200000| Untracked 
| 131|0x00000000e8300000, 0x00000000e8400000, 0x00000000e8400000|100%| O|  |TAMS 0x00000000e8300000| PB 0x00000000e8300000| Untracked 
| 132|0x00000000e8400000, 0x00000000e8500000, 0x00000000e8500000|100%| O|  |TAMS 0x00000000e8400000| PB 0x00000000e8400000| Untracked 
| 133|0x00000000e8500000, 0x00000000e8600000, 0x00000000e8600000|100%| O|  |TAMS 0x00000000e8500000| PB 0x00000000e8500000| Untracked 
| 134|0x00000000e8600000, 0x00000000e8700000, 0x00000000e8700000|100%| O|  |TAMS 0x00000000e8600000| PB 0x00000000e8600000| Untracked 
| 135|0x00000000e8700000, 0x00000000e8800000, 0x00000000e8800000|100%| O|  |TAMS 0x00000000e8700000| PB 0x00000000e8700000| Untracked 
| 136|0x00000000e8800000, 0x00000000e883e530, 0x00000000e8900000| 24%| O|  |TAMS 0x00000000e8800000| PB 0x00000000e8800000| Untracked 
| 137|0x00000000e8900000, 0x00000000e8900000, 0x00000000e8a00000|  0%| F|  |TAMS 0x00000000e8900000| PB 0x00000000e8900000| Untracked 
| 138|0x00000000e8a00000, 0x00000000e8a00000, 0x00000000e8b00000|  0%| F|  |TAMS 0x00000000e8a00000| PB 0x00000000e8a00000| Untracked 
| 139|0x00000000e8b00000, 0x00000000e8b00000, 0x00000000e8c00000|  0%| F|  |TAMS 0x00000000e8b00000| PB 0x00000000e8b00000| Untracked 
| 140|0x00000000e8c00000, 0x00000000e8c00000, 0x00000000e8d00000|  0%| F|  |TAMS 0x00000000e8c00000| PB 0x00000000e8c00000| Untracked 
| 141|0x00000000e8d00000, 0x00000000e8d00000, 0x00000000e8e00000|  0%| F|  |TAMS 0x00000000e8d00000| PB 0x00000000e8d00000| Untracked 
| 142|0x00000000e8e00000, 0x00000000e8e00000, 0x00000000e8f00000|  0%| F|  |TAMS 0x00000000e8e00000| PB 0x00000000e8e00000| Untracked 
| 143|0x00000000e8f00000, 0x00000000e8f00000, 0x00000000e9000000|  0%| F|  |TAMS 0x00000000e8f00000| PB 0x00000000e8f00000| Untracked 
| 144|0x00000000e9000000, 0x00000000e9000000, 0x00000000e9100000|  0%| F|  |TAMS 0x00000000e9000000| PB 0x00000000e9000000| Untracked 
| 145|0x00000000e9100000, 0x00000000e915d3e0, 0x00000000e9200000| 36%| S|CS|TAMS 0x00000000e9100000| PB 0x00000000e9100000| Complete 
| 146|0x00000000e9200000, 0x00000000e9300000, 0x00000000e9300000|100%| S|CS|TAMS 0x00000000e9200000| PB 0x00000000e9200000| Complete 
| 147|0x00000000e9300000, 0x00000000e9400000, 0x00000000e9400000|100%| S|CS|TAMS 0x00000000e9300000| PB 0x00000000e9300000| Complete 
| 148|0x00000000e9400000, 0x00000000e9500000, 0x00000000e9500000|100%| S|CS|TAMS 0x00000000e9400000| PB 0x00000000e9400000| Complete 
| 149|0x00000000e9500000, 0x00000000e9600000, 0x00000000e9600000|100%| S|CS|TAMS 0x00000000e9500000| PB 0x00000000e9500000| Complete 
| 150|0x00000000e9600000, 0x00000000e9700000, 0x00000000e9700000|100%| S|CS|TAMS 0x00000000e9600000| PB 0x00000000e9600000| Complete 
| 151|0x00000000e9700000, 0x00000000e9800000, 0x00000000e9800000|100%| S|CS|TAMS 0x00000000e9700000| PB 0x00000000e9700000| Complete 
| 152|0x00000000e9800000, 0x00000000e9900000, 0x00000000e9900000|100%| S|CS|TAMS 0x00000000e9800000| PB 0x00000000e9800000| Complete 
| 153|0x00000000e9900000, 0x00000000e9a00000, 0x00000000e9a00000|100%| S|CS|TAMS 0x00000000e9900000| PB 0x00000000e9900000| Complete 
| 154|0x00000000e9a00000, 0x00000000e9b00000, 0x00000000e9b00000|100%| S|CS|TAMS 0x00000000e9a00000| PB 0x00000000e9a00000| Complete 
| 155|0x00000000e9b00000, 0x00000000e9b00000, 0x00000000e9c00000|  0%| F|  |TAMS 0x00000000e9b00000| PB 0x00000000e9b00000| Untracked 
| 156|0x00000000e9c00000, 0x00000000e9c00000, 0x00000000e9d00000|  0%| F|  |TAMS 0x00000000e9c00000| PB 0x00000000e9c00000| Untracked 
| 157|0x00000000e9d00000, 0x00000000e9d00000, 0x00000000e9e00000|  0%| F|  |TAMS 0x00000000e9d00000| PB 0x00000000e9d00000| Untracked 
| 158|0x00000000e9e00000, 0x00000000e9e00000, 0x00000000e9f00000|  0%| F|  |TAMS 0x00000000e9e00000| PB 0x00000000e9e00000| Untracked 
| 159|0x00000000e9f00000, 0x00000000ea000000, 0x00000000ea000000|100%| S|CS|TAMS 0x00000000e9f00000| PB 0x00000000e9f00000| Complete 
| 160|0x00000000ea000000, 0x00000000ea100000, 0x00000000ea100000|100%| S|CS|TAMS 0x00000000ea000000| PB 0x00000000ea000000| Complete 
| 161|0x00000000ea100000, 0x00000000ea100000, 0x00000000ea200000|  0%| F|  |TAMS 0x00000000ea100000| PB 0x00000000ea100000| Untracked 
| 162|0x00000000ea200000, 0x00000000ea200000, 0x00000000ea300000|  0%| F|  |TAMS 0x00000000ea200000| PB 0x00000000ea200000| Untracked 
| 163|0x00000000ea300000, 0x00000000ea300000, 0x00000000ea400000|  0%| F|  |TAMS 0x00000000ea300000| PB 0x00000000ea300000| Untracked 
| 164|0x00000000ea400000, 0x00000000ea400000, 0x00000000ea500000|  0%| F|  |TAMS 0x00000000ea400000| PB 0x00000000ea400000| Untracked 
| 165|0x00000000ea500000, 0x00000000ea500000, 0x00000000ea600000|  0%| F|  |TAMS 0x00000000ea500000| PB 0x00000000ea500000| Untracked 
| 166|0x00000000ea600000, 0x00000000ea600000, 0x00000000ea700000|  0%| F|  |TAMS 0x00000000ea600000| PB 0x00000000ea600000| Untracked 
| 167|0x00000000ea700000, 0x00000000ea700000, 0x00000000ea800000|  0%| F|  |TAMS 0x00000000ea700000| PB 0x00000000ea700000| Untracked 
| 168|0x00000000ea800000, 0x00000000ea800000, 0x00000000ea900000|  0%| F|  |TAMS 0x00000000ea800000| PB 0x00000000ea800000| Untracked 
| 169|0x00000000ea900000, 0x00000000ea900000, 0x00000000eaa00000|  0%| F|  |TAMS 0x00000000ea900000| PB 0x00000000ea900000| Untracked 
| 170|0x00000000eaa00000, 0x00000000eaa00000, 0x00000000eab00000|  0%| F|  |TAMS 0x00000000eaa00000| PB 0x00000000eaa00000| Untracked 
| 171|0x00000000eab00000, 0x00000000eab00000, 0x00000000eac00000|  0%| F|  |TAMS 0x00000000eab00000| PB 0x00000000eab00000| Untracked 
| 172|0x00000000eac00000, 0x00000000eac00000, 0x00000000ead00000|  0%| F|  |TAMS 0x00000000eac00000| PB 0x00000000eac00000| Untracked 
| 173|0x00000000ead00000, 0x00000000ead00000, 0x00000000eae00000|  0%| F|  |TAMS 0x00000000ead00000| PB 0x00000000ead00000| Untracked 
| 174|0x00000000eae00000, 0x00000000eae00000, 0x00000000eaf00000|  0%| F|  |TAMS 0x00000000eae00000| PB 0x00000000eae00000| Untracked 
| 175|0x00000000eaf00000, 0x00000000eaf00000, 0x00000000eb000000|  0%| F|  |TAMS 0x00000000eaf00000| PB 0x00000000eaf00000| Untracked 
| 176|0x00000000eb000000, 0x00000000eb000000, 0x00000000eb100000|  0%| F|  |TAMS 0x00000000eb000000| PB 0x00000000eb000000| Untracked 
| 177|0x00000000eb100000, 0x00000000eb100000, 0x00000000eb200000|  0%| F|  |TAMS 0x00000000eb100000| PB 0x00000000eb100000| Untracked 
| 178|0x00000000eb200000, 0x00000000eb200000, 0x00000000eb300000|  0%| F|  |TAMS 0x00000000eb200000| PB 0x00000000eb200000| Untracked 
| 179|0x00000000eb300000, 0x00000000eb300000, 0x00000000eb400000|  0%| F|  |TAMS 0x00000000eb300000| PB 0x00000000eb300000| Untracked 
| 180|0x00000000eb400000, 0x00000000eb400000, 0x00000000eb500000|  0%| F|  |TAMS 0x00000000eb400000| PB 0x00000000eb400000| Untracked 
| 181|0x00000000eb500000, 0x00000000eb500000, 0x00000000eb600000|  0%| F|  |TAMS 0x00000000eb500000| PB 0x00000000eb500000| Untracked 
| 182|0x00000000eb600000, 0x00000000eb600000, 0x00000000eb700000|  0%| F|  |TAMS 0x00000000eb600000| PB 0x00000000eb600000| Untracked 
| 183|0x00000000eb700000, 0x00000000eb700000, 0x00000000eb800000|  0%| F|  |TAMS 0x00000000eb700000| PB 0x00000000eb700000| Untracked 
| 184|0x00000000eb800000, 0x00000000eb800000, 0x00000000eb900000|  0%| F|  |TAMS 0x00000000eb800000| PB 0x00000000eb800000| Untracked 
| 185|0x00000000eb900000, 0x00000000eb900000, 0x00000000eba00000|  0%| F|  |TAMS 0x00000000eb900000| PB 0x00000000eb900000| Untracked 
| 186|0x00000000eba00000, 0x00000000eba00000, 0x00000000ebb00000|  0%| F|  |TAMS 0x00000000eba00000| PB 0x00000000eba00000| Untracked 
| 187|0x00000000ebb00000, 0x00000000ebb00000, 0x00000000ebc00000|  0%| F|  |TAMS 0x00000000ebb00000| PB 0x00000000ebb00000| Untracked 
| 188|0x00000000ebc00000, 0x00000000ebc00000, 0x00000000ebd00000|  0%| F|  |TAMS 0x00000000ebc00000| PB 0x00000000ebc00000| Untracked 
| 189|0x00000000ebd00000, 0x00000000ebd00000, 0x00000000ebe00000|  0%| F|  |TAMS 0x00000000ebd00000| PB 0x00000000ebd00000| Untracked 
| 190|0x00000000ebe00000, 0x00000000ebe00000, 0x00000000ebf00000|  0%| F|  |TAMS 0x00000000ebe00000| PB 0x00000000ebe00000| Untracked 
| 191|0x00000000ebf00000, 0x00000000ebf00000, 0x00000000ec000000|  0%| F|  |TAMS 0x00000000ebf00000| PB 0x00000000ebf00000| Untracked 
| 192|0x00000000ec000000, 0x00000000ec000000, 0x00000000ec100000|  0%| F|  |TAMS 0x00000000ec000000| PB 0x00000000ec000000| Untracked 
| 193|0x00000000ec100000, 0x00000000ec100000, 0x00000000ec200000|  0%| F|  |TAMS 0x00000000ec100000| PB 0x00000000ec100000| Untracked 
| 194|0x00000000ec200000, 0x00000000ec200000, 0x00000000ec300000|  0%| F|  |TAMS 0x00000000ec200000| PB 0x00000000ec200000| Untracked 
| 195|0x00000000ec300000, 0x00000000ec300000, 0x00000000ec400000|  0%| F|  |TAMS 0x00000000ec300000| PB 0x00000000ec300000| Untracked 
| 196|0x00000000ec400000, 0x00000000ec400000, 0x00000000ec500000|  0%| F|  |TAMS 0x00000000ec400000| PB 0x00000000ec400000| Untracked 
| 197|0x00000000ec500000, 0x00000000ec500000, 0x00000000ec600000|  0%| F|  |TAMS 0x00000000ec500000| PB 0x00000000ec500000| Untracked 
| 198|0x00000000ec600000, 0x00000000ec600000, 0x00000000ec700000|  0%| F|  |TAMS 0x00000000ec600000| PB 0x00000000ec600000| Untracked 
| 199|0x00000000ec700000, 0x00000000ec700000, 0x00000000ec800000|  0%| F|  |TAMS 0x00000000ec700000| PB 0x00000000ec700000| Untracked 
| 200|0x00000000ec800000, 0x00000000ec800000, 0x00000000ec900000|  0%| F|  |TAMS 0x00000000ec800000| PB 0x00000000ec800000| Untracked 
| 201|0x00000000ec900000, 0x00000000ec900000, 0x00000000eca00000|  0%| F|  |TAMS 0x00000000ec900000| PB 0x00000000ec900000| Untracked 
| 202|0x00000000eca00000, 0x00000000eca00000, 0x00000000ecb00000|  0%| F|  |TAMS 0x00000000eca00000| PB 0x00000000eca00000| Untracked 
| 203|0x00000000ecb00000, 0x00000000ecb00000, 0x00000000ecc00000|  0%| F|  |TAMS 0x00000000ecb00000| PB 0x00000000ecb00000| Untracked 
| 204|0x00000000ecc00000, 0x00000000ecc00000, 0x00000000ecd00000|  0%| F|  |TAMS 0x00000000ecc00000| PB 0x00000000ecc00000| Untracked 
| 205|0x00000000ecd00000, 0x00000000ecd00000, 0x00000000ece00000|  0%| F|  |TAMS 0x00000000ecd00000| PB 0x00000000ecd00000| Untracked 
| 206|0x00000000ece00000, 0x00000000ece00000, 0x00000000ecf00000|  0%| F|  |TAMS 0x00000000ece00000| PB 0x00000000ece00000| Untracked 
| 207|0x00000000ecf00000, 0x00000000ecf00000, 0x00000000ed000000|  0%| F|  |TAMS 0x00000000ecf00000| PB 0x00000000ecf00000| Untracked 
| 208|0x00000000ed000000, 0x00000000ed000000, 0x00000000ed100000|  0%| F|  |TAMS 0x00000000ed000000| PB 0x00000000ed000000| Untracked 
| 209|0x00000000ed100000, 0x00000000ed100000, 0x00000000ed200000|  0%| F|  |TAMS 0x00000000ed100000| PB 0x00000000ed100000| Untracked 
| 210|0x00000000ed200000, 0x00000000ed200000, 0x00000000ed300000|  0%| F|  |TAMS 0x00000000ed200000| PB 0x00000000ed200000| Untracked 
| 211|0x00000000ed300000, 0x00000000ed300000, 0x00000000ed400000|  0%| F|  |TAMS 0x00000000ed300000| PB 0x00000000ed300000| Untracked 
| 212|0x00000000ed400000, 0x00000000ed400000, 0x00000000ed500000|  0%| F|  |TAMS 0x00000000ed400000| PB 0x00000000ed400000| Untracked 
| 213|0x00000000ed500000, 0x00000000ed500000, 0x00000000ed600000|  0%| F|  |TAMS 0x00000000ed500000| PB 0x00000000ed500000| Untracked 
| 214|0x00000000ed600000, 0x00000000ed600000, 0x00000000ed700000|  0%| F|  |TAMS 0x00000000ed600000| PB 0x00000000ed600000| Untracked 
| 215|0x00000000ed700000, 0x00000000ed700000, 0x00000000ed800000|  0%| F|  |TAMS 0x00000000ed700000| PB 0x00000000ed700000| Untracked 
| 216|0x00000000ed800000, 0x00000000ed800000, 0x00000000ed900000|  0%| F|  |TAMS 0x00000000ed800000| PB 0x00000000ed800000| Untracked 
| 217|0x00000000ed900000, 0x00000000ed900000, 0x00000000eda00000|  0%| F|  |TAMS 0x00000000ed900000| PB 0x00000000ed900000| Untracked 
| 218|0x00000000eda00000, 0x00000000eda00000, 0x00000000edb00000|  0%| F|  |TAMS 0x00000000eda00000| PB 0x00000000eda00000| Untracked 
| 219|0x00000000edb00000, 0x00000000edb00000, 0x00000000edc00000|  0%| F|  |TAMS 0x00000000edb00000| PB 0x00000000edb00000| Untracked 
| 220|0x00000000edc00000, 0x00000000edc00000, 0x00000000edd00000|  0%| F|  |TAMS 0x00000000edc00000| PB 0x00000000edc00000| Untracked 
| 221|0x00000000edd00000, 0x00000000edd00000, 0x00000000ede00000|  0%| F|  |TAMS 0x00000000edd00000| PB 0x00000000edd00000| Untracked 
| 222|0x00000000ede00000, 0x00000000ede00000, 0x00000000edf00000|  0%| F|  |TAMS 0x00000000ede00000| PB 0x00000000ede00000| Untracked 
| 223|0x00000000edf00000, 0x00000000edf00000, 0x00000000ee000000|  0%| F|  |TAMS 0x00000000edf00000| PB 0x00000000edf00000| Untracked 
| 224|0x00000000ee000000, 0x00000000ee000000, 0x00000000ee100000|  0%| F|  |TAMS 0x00000000ee000000| PB 0x00000000ee000000| Untracked 
| 225|0x00000000ee100000, 0x00000000ee100000, 0x00000000ee200000|  0%| F|  |TAMS 0x00000000ee100000| PB 0x00000000ee100000| Untracked 
| 226|0x00000000ee200000, 0x00000000ee200000, 0x00000000ee300000|  0%| F|  |TAMS 0x00000000ee200000| PB 0x00000000ee200000| Untracked 
| 227|0x00000000ee300000, 0x00000000ee300000, 0x00000000ee400000|  0%| F|  |TAMS 0x00000000ee300000| PB 0x00000000ee300000| Untracked 
| 228|0x00000000ee400000, 0x00000000ee400000, 0x00000000ee500000|  0%| F|  |TAMS 0x00000000ee400000| PB 0x00000000ee400000| Untracked 
| 229|0x00000000ee500000, 0x00000000ee600000, 0x00000000ee600000|100%| E|  |TAMS 0x00000000ee500000| PB 0x00000000ee500000| Complete 
| 230|0x00000000ee600000, 0x00000000ee700000, 0x00000000ee700000|100%| E|CS|TAMS 0x00000000ee600000| PB 0x00000000ee600000| Complete 
| 231|0x00000000ee700000, 0x00000000ee800000, 0x00000000ee800000|100%| E|CS|TAMS 0x00000000ee700000| PB 0x00000000ee700000| Complete 
| 232|0x00000000ee800000, 0x00000000ee900000, 0x00000000ee900000|100%| E|CS|TAMS 0x00000000ee800000| PB 0x00000000ee800000| Complete 
| 233|0x00000000ee900000, 0x00000000eea00000, 0x00000000eea00000|100%| E|CS|TAMS 0x00000000ee900000| PB 0x00000000ee900000| Complete 
| 234|0x00000000eea00000, 0x00000000eeb00000, 0x00000000eeb00000|100%| E|CS|TAMS 0x00000000eea00000| PB 0x00000000eea00000| Complete 
| 235|0x00000000eeb00000, 0x00000000eec00000, 0x00000000eec00000|100%| E|CS|TAMS 0x00000000eeb00000| PB 0x00000000eeb00000| Complete 
| 236|0x00000000eec00000, 0x00000000eed00000, 0x00000000eed00000|100%| E|CS|TAMS 0x00000000eec00000| PB 0x00000000eec00000| Complete 
| 237|0x00000000eed00000, 0x00000000eee00000, 0x00000000eee00000|100%| E|CS|TAMS 0x00000000eed00000| PB 0x00000000eed00000| Complete 
| 238|0x00000000eee00000, 0x00000000eef00000, 0x00000000eef00000|100%| E|CS|TAMS 0x00000000eee00000| PB 0x00000000eee00000| Complete 
| 239|0x00000000eef00000, 0x00000000ef000000, 0x00000000ef000000|100%| E|CS|TAMS 0x00000000eef00000| PB 0x00000000eef00000| Complete 
| 240|0x00000000ef000000, 0x00000000ef100000, 0x00000000ef100000|100%| E|CS|TAMS 0x00000000ef000000| PB 0x00000000ef000000| Complete 
| 241|0x00000000ef100000, 0x00000000ef200000, 0x00000000ef200000|100%| E|CS|TAMS 0x00000000ef100000| PB 0x00000000ef100000| Complete 
| 242|0x00000000ef200000, 0x00000000ef300000, 0x00000000ef300000|100%| E|CS|TAMS 0x00000000ef200000| PB 0x00000000ef200000| Complete 
| 243|0x00000000ef300000, 0x00000000ef400000, 0x00000000ef400000|100%| E|CS|TAMS 0x00000000ef300000| PB 0x00000000ef300000| Complete 
| 244|0x00000000ef400000, 0x00000000ef500000, 0x00000000ef500000|100%| E|CS|TAMS 0x00000000ef400000| PB 0x00000000ef400000| Complete 
| 245|0x00000000ef500000, 0x00000000ef600000, 0x00000000ef600000|100%| E|CS|TAMS 0x00000000ef500000| PB 0x00000000ef500000| Complete 
| 246|0x00000000ef600000, 0x00000000ef700000, 0x00000000ef700000|100%| E|CS|TAMS 0x00000000ef600000| PB 0x00000000ef600000| Complete 
| 247|0x00000000ef700000, 0x00000000ef800000, 0x00000000ef800000|100%| E|CS|TAMS 0x00000000ef700000| PB 0x00000000ef700000| Complete 
| 248|0x00000000ef800000, 0x00000000ef900000, 0x00000000ef900000|100%| E|CS|TAMS 0x00000000ef800000| PB 0x00000000ef800000| Complete 
| 249|0x00000000ef900000, 0x00000000efa00000, 0x00000000efa00000|100%| E|CS|TAMS 0x00000000ef900000| PB 0x00000000ef900000| Complete 
| 250|0x00000000efa00000, 0x00000000efb00000, 0x00000000efb00000|100%| E|CS|TAMS 0x00000000efa00000| PB 0x00000000efa00000| Complete 
| 251|0x00000000efb00000, 0x00000000efc00000, 0x00000000efc00000|100%| E|CS|TAMS 0x00000000efb00000| PB 0x00000000efb00000| Complete 
| 252|0x00000000efc00000, 0x00000000efd00000, 0x00000000efd00000|100%| E|CS|TAMS 0x00000000efc00000| PB 0x00000000efc00000| Complete 
| 253|0x00000000efd00000, 0x00000000efe00000, 0x00000000efe00000|100%| E|CS|TAMS 0x00000000efd00000| PB 0x00000000efd00000| Complete 
| 254|0x00000000efe00000, 0x00000000eff00000, 0x00000000eff00000|100%| E|CS|TAMS 0x00000000efe00000| PB 0x00000000efe00000| Complete 
| 255|0x00000000eff00000, 0x00000000f0000000, 0x00000000f0000000|100%| E|CS|TAMS 0x00000000eff00000| PB 0x00000000eff00000| Complete 
| 256|0x00000000f0000000, 0x00000000f0100000, 0x00000000f0100000|100%| E|CS|TAMS 0x00000000f0000000| PB 0x00000000f0000000| Complete 
| 257|0x00000000f0100000, 0x00000000f0200000, 0x00000000f0200000|100%| E|CS|TAMS 0x00000000f0100000| PB 0x00000000f0100000| Complete 
| 258|0x00000000f0200000, 0x00000000f0300000, 0x00000000f0300000|100%| E|CS|TAMS 0x00000000f0200000| PB 0x00000000f0200000| Complete 
| 259|0x00000000f0300000, 0x00000000f0400000, 0x00000000f0400000|100%| E|CS|TAMS 0x00000000f0300000| PB 0x00000000f0300000| Complete 
| 260|0x00000000f0400000, 0x00000000f0500000, 0x00000000f0500000|100%| E|CS|TAMS 0x00000000f0400000| PB 0x00000000f0400000| Complete 
| 261|0x00000000f0500000, 0x00000000f0600000, 0x00000000f0600000|100%| E|CS|TAMS 0x00000000f0500000| PB 0x00000000f0500000| Complete 
| 262|0x00000000f0600000, 0x00000000f0700000, 0x00000000f0700000|100%| E|CS|TAMS 0x00000000f0600000| PB 0x00000000f0600000| Complete 
| 263|0x00000000f0700000, 0x00000000f0800000, 0x00000000f0800000|100%| E|CS|TAMS 0x00000000f0700000| PB 0x00000000f0700000| Complete 
| 507|0x00000000ffb00000, 0x00000000ffc00000, 0x00000000ffc00000|100%| O|  |TAMS 0x00000000ffb00000| PB 0x00000000ffb00000| Untracked 
| 508|0x00000000ffc00000, 0x00000000ffd00000, 0x00000000ffd00000|100%| E|CS|TAMS 0x00000000ffc00000| PB 0x00000000ffc00000| Complete 
| 509|0x00000000ffd00000, 0x00000000ffe00000, 0x00000000ffe00000|100%| O|  |TAMS 0x00000000ffd00000| PB 0x00000000ffd00000| Untracked 
| 510|0x00000000ffe00000, 0x00000000fff00000, 0x00000000fff00000|100%| O|  |TAMS 0x00000000ffe00000| PB 0x00000000ffe00000| Untracked 
| 511|0x00000000fff00000, 0x0000000100000000, 0x0000000100000000|100%| O|  |TAMS 0x00000000fff00000| PB 0x00000000fff00000| Untracked 

Card table byte_map: [0x000001c68f320000,0x000001c68f420000] _byte_map_base: 0x000001c68ec20000

Marking Bits: (CMBitMap*) 0x000001c6f5d21eb0
 Bits: [0x000001c68f420000, 0x000001c68fc20000)

Polling page: 0x000001c6f5dc0000

Metaspace:

Usage:
  Non-class:    117.08 MB used.
      Class:     17.25 MB used.
       Both:    134.33 MB used.

Virtual space:
  Non-class space:      128.00 MB reserved,     118.38 MB ( 92%) committed,  2 nodes.
      Class space:      320.00 MB reserved,      18.50 MB (  6%) committed,  1 nodes.
             Both:      448.00 MB reserved,     136.88 MB ( 31%) committed. 

Chunk freelists:
   Non-Class:  9.31 MB
       Class:  13.31 MB
        Both:  22.62 MB

MaxMetaspaceSize: 384.00 MB
CompressedClassSpaceSize: 320.00 MB
Initial GC threshold: 21.00 MB
Current GC threshold: 226.38 MB
CDS: on
 - commit_granule_bytes: 65536.
 - commit_granule_words: 8192.
 - virtual_space_node_default_size: 8388608.
 - enlarge_chunks_in_place: 1.
 - use_allocation_guard: 0.


Internal statistics:

num_allocs_failed_limit: 15.
num_arena_births: 4692.
num_arena_deaths: 0.
num_vsnodes_births: 3.
num_vsnodes_deaths: 0.
num_space_committed: 2188.
num_space_uncommitted: 0.
num_chunks_returned_to_freelist: 15.
num_chunks_taken_from_freelist: 10398.
num_chunk_merges: 12.
num_chunk_splits: 7202.
num_chunks_enlarged: 4905.
num_inconsistent_stats: 0.

CodeHeap 'non-profiled nmethods': size=120000Kb used=7965Kb max_used=7965Kb free=112035Kb
 bounds [0x000001c687ad0000, 0x000001c6882a0000, 0x000001c68f000000]
CodeHeap 'profiled nmethods': size=120000Kb used=25531Kb max_used=25531Kb free=94468Kb
 bounds [0x000001c680000000, 0x000001c6818f0000, 0x000001c687530000]
CodeHeap 'non-nmethods': size=5760Kb used=3171Kb max_used=3254Kb free=2589Kb
 bounds [0x000001c687530000, 0x000001c687870000, 0x000001c687ad0000]
 total_blobs=14069 nmethods=12876 adapters=1096
 compilation: enabled
              stopped_count=0, restarted_count=0
 full_count=0

Compilation events (20 events):
Event: 30.971 Thread 0x000001c69247c2c0 nmethod 15419 0x000001c6818da110 code [0x000001c6818da2c0, 0x000001c6818da498]
Event: 30.971 Thread 0x000001c69247c2c0 15420       3       org.jetbrains.kotlin.com.intellij.lang.impl.PsiBuilderImpl::rawTokenTypeStart (38 bytes)
Event: 30.972 Thread 0x000001c69247c2c0 nmethod 15420 0x000001c6818da590 code [0x000001c6818da780, 0x000001c6818dab30]
Event: 30.972 Thread 0x000001c69247c2c0 15418       1       org.jetbrains.kotlin.com.intellij.psi.tree.IElementType::isLeftBound (2 bytes)
Event: 30.972 Thread 0x000001c69247c2c0 nmethod 15418 0x000001c68828d710 code [0x000001c68828d8a0, 0x000001c68828d968]
Event: 30.972 Thread 0x000001c69247c2c0 15421       1       org.jetbrains.kotlin.com.intellij.lang.impl.PsiBuilderImpl$StartMarker::getTokenType (5 bytes)
Event: 30.972 Thread 0x000001c69247c2c0 nmethod 15421 0x000001c68828da10 code [0x000001c68828dba0, 0x000001c68828dc68]
Event: 30.973 Thread 0x000001c69247c2c0 15422       3       org.jetbrains.kotlin.cli.jvm.compiler.KotlinCliJavaFileManagerImpl::findVirtualFileForTopLevelClass (209 bytes)
Event: 30.976 Thread 0x000001c69247c2c0 nmethod 15422 0x000001c6818dac90 code [0x000001c6818db2e0, 0x000001c6818de1b8]
Event: 30.976 Thread 0x000001c69247c2c0 15424       3       org.jetbrains.kotlin.types.FlexibleType::getConstructor (8 bytes)
Event: 30.976 Thread 0x000001c69247c2c0 nmethod 15424 0x000001c6818df290 code [0x000001c6818df460, 0x000001c6818df6f0]
Event: 30.976 Thread 0x000001c69247c2c0 15425       1       org.jetbrains.kotlin.load.java.typeEnhancement.AbstractSignatureParts$TypeAndDefaultQualifiers::getDefaultQualifiers (5 bytes)
Event: 30.976 Thread 0x000001c69247c2c0 nmethod 15425 0x000001c68828dd10 code [0x000001c68828dea0, 0x000001c68828df68]
Event: 30.978 Thread 0x000001c69247c2c0 15426       3       org.jetbrains.kotlin.descriptors.impl.AbstractTypeParameterDescriptor$TypeParameterTypeConstructor::getDeclarationDescriptor (13 bytes)
Event: 30.978 Thread 0x000001c69247c2c0 nmethod 15426 0x000001c6818df810 code [0x000001c6818df9c0, 0x000001c6818dfb40]
Event: 30.978 Thread 0x000001c69247c2c0 15427       1       org.jetbrains.kotlin.descriptors.annotations.Annotations$Companion$EMPTY$1::isEmpty (2 bytes)
Event: 30.978 Thread 0x000001c69247c2c0 nmethod 15427 0x000001c68828e010 code [0x000001c68828e1a0, 0x000001c68828e268]
Event: 30.978 Thread 0x000001c69247c2c0 15428       3       org.jetbrains.kotlin.builtins.functions.FunctionClassDescriptor::getContainingDeclaration (8 bytes)
Event: 30.997 Thread 0x000001c69247c2c0 nmethod 15428 0x000001c6818dfc10 code [0x000001c6818dfdc0, 0x000001c6818dfff0]
Event: 30.997 Thread 0x000001c69247c2c0 15429       3       org.jetbrains.kotlin.types.model.TypeSystemContext::isIntegerLiteralType (20 bytes)

GC Heap History (20 events):
Event: 23.637 GC heap before
{Heap before GC invocations=15 (full 0):
 garbage-first heap   total 267264K, used 235235K [0x00000000e0000000, 0x0000000100000000)
  region size 1024K, 112 young (114688K), 15 survivors (15360K)
 Metaspace       used 126567K, committed 129024K, reserved 458752K
  class space    used 16371K, committed 17600K, reserved 327680K
}
Event: 23.652 GC heap after
{Heap after GC invocations=16 (full 0):
 garbage-first heap   total 267264K, used 140360K [0x00000000e0000000, 0x0000000100000000)
  region size 1024K, 14 young (14336K), 14 survivors (14336K)
 Metaspace       used 126567K, committed 129024K, reserved 458752K
  class space    used 16371K, committed 17600K, reserved 327680K
}
Event: 25.247 GC heap before
{Heap before GC invocations=16 (full 0):
 garbage-first heap   total 267264K, used 236616K [0x00000000e0000000, 0x0000000100000000)
  region size 1024K, 109 young (111616K), 14 survivors (14336K)
 Metaspace       used 127466K, committed 129920K, reserved 458752K
  class space    used 16435K, committed 17664K, reserved 327680K
}
Event: 25.256 GC heap after
{Heap after GC invocations=17 (full 0):
 garbage-first heap   total 267264K, used 142657K [0x00000000e0000000, 0x0000000100000000)
  region size 1024K, 10 young (10240K), 10 survivors (10240K)
 Metaspace       used 127466K, committed 129920K, reserved 458752K
  class space    used 16435K, committed 17664K, reserved 327680K
}
Event: 26.080 GC heap before
{Heap before GC invocations=18 (full 0):
 garbage-first heap   total 267264K, used 240961K [0x00000000e0000000, 0x0000000100000000)
  region size 1024K, 107 young (109568K), 10 survivors (10240K)
 Metaspace       used 128565K, committed 130944K, reserved 458752K
  class space    used 16529K, committed 17728K, reserved 327680K
}
Event: 26.092 GC heap after
{Heap after GC invocations=19 (full 0):
 garbage-first heap   total 267264K, used 148075K [0x00000000e0000000, 0x0000000100000000)
  region size 1024K, 9 young (9216K), 9 survivors (9216K)
 Metaspace       used 128565K, committed 130944K, reserved 458752K
  class space    used 16529K, committed 17728K, reserved 327680K
}
Event: 26.675 GC heap before
{Heap before GC invocations=19 (full 0):
 garbage-first heap   total 267264K, used 242283K [0x00000000e0000000, 0x0000000100000000)
  region size 1024K, 102 young (104448K), 9 survivors (9216K)
 Metaspace       used 128621K, committed 131072K, reserved 458752K
  class space    used 16529K, committed 17728K, reserved 327680K
}
Event: 26.683 GC heap after
{Heap after GC invocations=20 (full 0):
 garbage-first heap   total 267264K, used 147908K [0x00000000e0000000, 0x0000000100000000)
  region size 1024K, 7 young (7168K), 7 survivors (7168K)
 Metaspace       used 128621K, committed 131072K, reserved 458752K
  class space    used 16529K, committed 17728K, reserved 327680K
}
Event: 27.028 GC heap before
{Heap before GC invocations=20 (full 0):
 garbage-first heap   total 267264K, used 244164K [0x00000000e0000000, 0x0000000100000000)
  region size 1024K, 101 young (103424K), 7 survivors (7168K)
 Metaspace       used 128718K, committed 131136K, reserved 458752K
  class space    used 16529K, committed 17728K, reserved 327680K
}
Event: 27.035 GC heap after
{Heap after GC invocations=21 (full 0):
 garbage-first heap   total 267264K, used 147633K [0x00000000e0000000, 0x0000000100000000)
  region size 1024K, 6 young (6144K), 6 survivors (6144K)
 Metaspace       used 128718K, committed 131136K, reserved 458752K
  class space    used 16529K, committed 17728K, reserved 327680K
}
Event: 27.739 GC heap before
{Heap before GC invocations=22 (full 0):
 garbage-first heap   total 267264K, used 244913K [0x00000000e0000000, 0x0000000100000000)
  region size 1024K, 102 young (104448K), 6 survivors (6144K)
 Metaspace       used 129842K, committed 132416K, reserved 458752K
  class space    used 16721K, committed 17984K, reserved 327680K
}
Event: 27.744 GC heap after
{Heap after GC invocations=23 (full 0):
 garbage-first heap   total 267264K, used 146981K [0x00000000e0000000, 0x0000000100000000)
  region size 1024K, 6 young (6144K), 6 survivors (6144K)
 Metaspace       used 129842K, committed 132416K, reserved 458752K
  class space    used 16721K, committed 17984K, reserved 327680K
}
Event: 28.900 GC heap before
{Heap before GC invocations=23 (full 0):
 garbage-first heap   total 267264K, used 245285K [0x00000000e0000000, 0x0000000100000000)
  region size 1024K, 102 young (104448K), 6 survivors (6144K)
 Metaspace       used 135364K, committed 137984K, reserved 458752K
  class space    used 17476K, committed 18752K, reserved 327680K
}
Event: 28.907 GC heap after
{Heap after GC invocations=24 (full 0):
 garbage-first heap   total 267264K, used 148197K [0x00000000e0000000, 0x0000000100000000)
  region size 1024K, 10 young (10240K), 10 survivors (10240K)
 Metaspace       used 135364K, committed 137984K, reserved 458752K
  class space    used 17476K, committed 18752K, reserved 327680K
}
Event: 29.756 GC heap before
{Heap before GC invocations=24 (full 0):
 garbage-first heap   total 267264K, used 240357K [0x00000000e0000000, 0x0000000100000000)
  region size 1024K, 101 young (103424K), 10 survivors (10240K)
 Metaspace       used 136497K, committed 139072K, reserved 458752K
  class space    used 17592K, committed 18880K, reserved 327680K
}
Event: 29.765 GC heap after
{Heap after GC invocations=25 (full 0):
 garbage-first heap   total 267264K, used 148574K [0x00000000e0000000, 0x0000000100000000)
  region size 1024K, 6 young (6144K), 6 survivors (6144K)
 Metaspace       used 136497K, committed 139072K, reserved 458752K
  class space    used 17592K, committed 18880K, reserved 327680K
}
Event: 30.100 GC heap before
{Heap before GC invocations=26 (full 0):
 garbage-first heap   total 275456K, used 245854K [0x00000000e0000000, 0x0000000100000000)
  region size 1024K, 101 young (103424K), 6 survivors (6144K)
 Metaspace       used 136506K, committed 139072K, reserved 458752K
  class space    used 17592K, committed 18880K, reserved 327680K
}
Event: 30.106 GC heap after
{Heap after GC invocations=27 (full 0):
 garbage-first heap   total 275456K, used 150276K [0x00000000e0000000, 0x0000000100000000)
  region size 1024K, 8 young (8192K), 8 survivors (8192K)
 Metaspace       used 136506K, committed 139072K, reserved 458752K
  class space    used 17592K, committed 18880K, reserved 327680K
}
Event: 30.563 GC heap before
{Heap before GC invocations=27 (full 0):
 garbage-first heap   total 275456K, used 252676K [0x00000000e0000000, 0x0000000100000000)
  region size 1024K, 107 young (109568K), 8 survivors (8192K)
 Metaspace       used 136928K, committed 139520K, reserved 458752K
  class space    used 17624K, committed 18944K, reserved 327680K
}
Event: 30.574 GC heap after
{Heap after GC invocations=28 (full 0):
 garbage-first heap   total 275456K, used 152174K [0x00000000e0000000, 0x0000000100000000)
  region size 1024K, 12 young (12288K), 12 survivors (12288K)
 Metaspace       used 136928K, committed 139520K, reserved 458752K
  class space    used 17624K, committed 18944K, reserved 327680K
}

Dll operation events (15 events):
Event: 0.013 Loaded shared library C:\Program Files\Java\jdk-21\bin\java.dll
Event: 0.055 Loaded shared library C:\Program Files\Java\jdk-21\bin\jsvml.dll
Event: 0.091 Loaded shared library C:\Program Files\Java\jdk-21\bin\zip.dll
Event: 0.096 Loaded shared library C:\Program Files\Java\jdk-21\bin\instrument.dll
Event: 0.099 Loaded shared library C:\Program Files\Java\jdk-21\bin\net.dll
Event: 0.102 Loaded shared library C:\Program Files\Java\jdk-21\bin\nio.dll
Event: 0.105 Loaded shared library C:\Program Files\Java\jdk-21\bin\zip.dll
Event: 0.400 Loaded shared library C:\Program Files\Java\jdk-21\bin\jimage.dll
Event: 0.589 Loaded shared library C:\Program Files\Java\jdk-21\bin\verify.dll
Event: 0.696 Loaded shared library C:\Users\mirmi\.gradle\native\1def1411415f61bf3af743bc5b6707747c0891f09f0c88961ee8f79bc544acac\windows-amd64\native-platform.dll
Event: 0.708 Loaded shared library C:\Users\mirmi\.gradle\native\0.2.7\x86_64-windows-gnu\gradle-fileevents.dll
Event: 1.979 Loaded shared library C:\Program Files\Java\jdk-21\bin\management.dll
Event: 1.982 Loaded shared library C:\Program Files\Java\jdk-21\bin\management_ext.dll
Event: 2.151 Loaded shared library C:\Program Files\Java\jdk-21\bin\extnet.dll
Event: 2.390 Loaded shared library C:\Program Files\Java\jdk-21\bin\sunmscapi.dll

Deoptimization events (20 events):
Event: 30.859 Thread 0x000001c6ad7877f0 Uncommon trap: trap_request=0xffffffde fr.pc=0x000001c687edfeec relative=0x00000000000001cc
Event: 30.859 Thread 0x000001c6ad7877f0 Uncommon trap: reason=class_check action=maybe_recompile pc=0x000001c687edfeec method=org.jetbrains.kotlin.name.FqName.equals(Ljava/lang/Object;)Z @ 8 c2
Event: 30.859 Thread 0x000001c6ad7877f0 DEOPT PACKING pc=0x000001c687edfeec sp=0x000000a054bf27c0
Event: 30.859 Thread 0x000001c6ad7877f0 DEOPT UNPACKING pc=0x000001c6875846a2 sp=0x000000a054bf2748 mode 2
Event: 30.864 Thread 0x000001c6ad7877f0 Uncommon trap: trap_request=0xffffffbe fr.pc=0x000001c688273d74 relative=0x0000000000000af4
Event: 30.864 Thread 0x000001c6ad7877f0 Uncommon trap: reason=profile_predicate action=maybe_recompile pc=0x000001c688273d74 method=org.jetbrains.kotlin.it.unimi.dsi.fastutil.objects.ObjectOpenHashSet.add(Ljava/lang/Object;)Z @ 74 c2
Event: 30.864 Thread 0x000001c6ad7877f0 DEOPT PACKING pc=0x000001c688273d74 sp=0x000000a054bf1740
Event: 30.864 Thread 0x000001c6ad7877f0 DEOPT UNPACKING pc=0x000001c6875846a2 sp=0x000000a054bf16f8 mode 2
Event: 30.864 Thread 0x000001c6ad7877f0 Uncommon trap: trap_request=0xffffffbe fr.pc=0x000001c688273d74 relative=0x0000000000000af4
Event: 30.864 Thread 0x000001c6ad7877f0 Uncommon trap: reason=profile_predicate action=maybe_recompile pc=0x000001c688273d74 method=org.jetbrains.kotlin.it.unimi.dsi.fastutil.objects.ObjectOpenHashSet.add(Ljava/lang/Object;)Z @ 74 c2
Event: 30.864 Thread 0x000001c6ad7877f0 DEOPT PACKING pc=0x000001c688273d74 sp=0x000000a054bf1740
Event: 30.864 Thread 0x000001c6ad7877f0 DEOPT UNPACKING pc=0x000001c6875846a2 sp=0x000000a054bf16f8 mode 2
Event: 30.864 Thread 0x000001c6ad7877f0 Uncommon trap: trap_request=0xffffffbe fr.pc=0x000001c688273d74 relative=0x0000000000000af4
Event: 30.864 Thread 0x000001c6ad7877f0 Uncommon trap: reason=profile_predicate action=maybe_recompile pc=0x000001c688273d74 method=org.jetbrains.kotlin.it.unimi.dsi.fastutil.objects.ObjectOpenHashSet.add(Ljava/lang/Object;)Z @ 74 c2
Event: 30.864 Thread 0x000001c6ad7877f0 DEOPT PACKING pc=0x000001c688273d74 sp=0x000000a054bf1740
Event: 30.864 Thread 0x000001c6ad7877f0 DEOPT UNPACKING pc=0x000001c6875846a2 sp=0x000000a054bf16f8 mode 2
Event: 30.864 Thread 0x000001c6ad7877f0 Uncommon trap: trap_request=0xffffffbe fr.pc=0x000001c688273d74 relative=0x0000000000000af4
Event: 30.864 Thread 0x000001c6ad7877f0 Uncommon trap: reason=profile_predicate action=maybe_recompile pc=0x000001c688273d74 method=org.jetbrains.kotlin.it.unimi.dsi.fastutil.objects.ObjectOpenHashSet.add(Ljava/lang/Object;)Z @ 74 c2
Event: 30.864 Thread 0x000001c6ad7877f0 DEOPT PACKING pc=0x000001c688273d74 sp=0x000000a054bf1740
Event: 30.864 Thread 0x000001c6ad7877f0 DEOPT UNPACKING pc=0x000001c6875846a2 sp=0x000000a054bf16f8 mode 2

Classes loaded (20 events):
Event: 28.051 Loading class java/util/HashMap$EntrySpliterator
Event: 28.052 Loading class java/util/HashMap$EntrySpliterator done
Event: 28.052 Loading class java/util/stream/SortedOps$RefSortingSink
Event: 28.053 Loading class java/util/stream/SortedOps$RefSortingSink done
Event: 28.087 Loading class java/io/PushbackInputStream
Event: 28.087 Loading class java/io/PushbackInputStream done
Event: 28.394 Loading class java/io/PrintWriter$1
Event: 28.395 Loading class jdk/internal/access/JavaIOPrintWriterAccess
Event: 28.395 Loading class jdk/internal/access/JavaIOPrintWriterAccess done
Event: 28.395 Loading class java/io/PrintWriter$1 done
Event: 28.413 Loading class java/util/stream/ReduceOps$5
Event: 28.414 Loading class java/util/stream/ReduceOps$5 done
Event: 28.414 Loading class java/util/stream/ReduceOps$CountingSink$OfRef
Event: 28.414 Loading class java/util/stream/ReduceOps$CountingSink
Event: 28.415 Loading class java/util/stream/ReduceOps$CountingSink done
Event: 28.415 Loading class java/util/stream/ReduceOps$CountingSink$OfRef done
Event: 29.340 Loading class java/util/TreeMap$KeySpliterator
Event: 29.340 Loading class java/util/TreeMap$TreeMapSpliterator
Event: 29.341 Loading class java/util/TreeMap$TreeMapSpliterator done
Event: 29.341 Loading class java/util/TreeMap$KeySpliterator done

Classes unloaded (0 events):
No events

Classes redefined (0 events):
No events

Internal exceptions (20 events):
Event: 26.016 Thread 0x000001c6add68a40 Exception <a 'sun/nio/fs/WindowsException'{0x00000000eb878b38}> (0x00000000eb878b38) 
thrown [s\open\src\hotspot\share\prims\jni.cpp, line 520]
Event: 26.297 Thread 0x000001c6bf3672a0 Exception <a 'sun/nio/fs/WindowsException'{0x00000000efe83ea0}> (0x00000000efe83ea0) 
thrown [s\open\src\hotspot\share\prims\jni.cpp, line 520]
Event: 26.830 Thread 0x000001c6add690d0 Exception <a 'sun/nio/fs/WindowsException'{0x00000000eed49388}> (0x00000000eed49388) 
thrown [s\open\src\hotspot\share\prims\jni.cpp, line 520]
Event: 26.851 Thread 0x000001c6ad7877f0 Exception <a 'sun/nio/fs/WindowsException'{0x00000000eff54188}> (0x00000000eff54188) 
thrown [s\open\src\hotspot\share\prims\jni.cpp, line 520]
Event: 26.980 Thread 0x000001c6add68a40 Exception <a 'sun/nio/fs/WindowsException'{0x00000000ecee20f0}> (0x00000000ecee20f0) 
thrown [s\open\src\hotspot\share\prims\jni.cpp, line 520]
Event: 27.151 Thread 0x000001c6bf3672a0 Exception <a 'sun/nio/fs/WindowsException'{0x00000000efe28ad8}> (0x00000000efe28ad8) 
thrown [s\open\src\hotspot\share\prims\jni.cpp, line 520]
Event: 27.274 Thread 0x000001c6add68a40 Exception <a 'sun/nio/fs/WindowsException'{0x00000000ed7ad430}> (0x00000000ed7ad430) 
thrown [s\open\src\hotspot\share\prims\jni.cpp, line 520]
Event: 27.402 Thread 0x000001c6bf367fc0 Exception <a 'sun/nio/fs/WindowsException'{0x00000000ed25ad90}> (0x00000000ed25ad90) 
thrown [s\open\src\hotspot\share\prims\jni.cpp, line 520]
Event: 28.327 Thread 0x000001c6ad7877f0 Exception <a 'java/lang/NoClassDefFoundError'{0x00000000ec2ed6e8}: org/jetbrains/kotlin/gradle/plugin/KotlinPluginWrapper> (0x00000000ec2ed6e8) 
thrown [s\open\src\hotspot\share\classfile\systemDictionary.cpp, line 301]
Event: 28.327 Thread 0x000001c6ad7877f0 Exception <a 'java/lang/NoClassDefFoundError'{0x00000000ec2f51a8}: org/graalvm/buildtools/gradle/NativeImagePlugin> (0x00000000ec2f51a8) 
thrown [s\open\src\hotspot\share\classfile\systemDictionary.cpp, line 301]
Event: 28.328 Thread 0x000001c6ad7877f0 Exception <a 'java/lang/NoClassDefFoundError'{0x00000000ec2fcb60}: org/cyclonedx/gradle/CycloneDxPlugin> (0x00000000ec2fcb60) 
thrown [s\open\src\hotspot\share\classfile\systemDictionary.cpp, line 301]
Event: 28.356 Thread 0x000001c6ad7877f0 Exception <a 'java/lang/ClassNotFoundException'{0x00000000ec0d8e68}: io/spring/gradle/dependencymanagement/internal/dsl/StandardDependencyManagementExtensionBeanInfo> (0x00000000ec0d8e68) 
thrown [s\open\src\hotspot\share\classfile\systemDictionary.cpp, line 312]
Event: 28.356 Thread 0x000001c6ad7877f0 Exception <a 'java/lang/ClassNotFoundException'{0x00000000ec0e5c70}: io/spring/gradle/dependencymanagement/internal/dsl/StandardDependencyManagementExtensionCustomizer> (0x00000000ec0e5c70) 
thrown [s\open\src\hotspot\share\classfile\systemDictionary.cpp, line 312]
Event: 28.436 Thread 0x000001c6ad7877f0 Exception <a 'java/lang/ClassNotFoundException'{0x00000000ebb84788}: io/spring/gradle/dependencymanagement/internal/dsl/StandardImportsHandlerBeanInfo> (0x00000000ebb84788) 
thrown [s\open\src\hotspot\share\classfile\systemDictionary.cpp, line 312]
Event: 28.436 Thread 0x000001c6ad7877f0 Exception <a 'java/lang/ClassNotFoundException'{0x00000000ebb912d0}: io/spring/gradle/dependencymanagement/internal/dsl/StandardImportsHandlerCustomizer> (0x00000000ebb912d0) 
thrown [s\open\src\hotspot\share\classfile\systemDictionary.cpp, line 312]
Event: 30.231 Thread 0x000001c6ad7877f0 Implicit null exception at 0x000001c687cb2a14 to 0x000001c687cb2cf4
Event: 30.275 Thread 0x000001c6ad7877f0 Exception <a 'sun/nio/fs/WindowsException'{0x00000000ed5fe0c8}> (0x00000000ed5fe0c8) 
thrown [s\open\src\hotspot\share\prims\jni.cpp, line 520]
Event: 30.276 Thread 0x000001c6ad7877f0 Exception <a 'sun/nio/fs/WindowsException'{0x00000000ed4040f0}> (0x00000000ed4040f0) 
thrown [s\open\src\hotspot\share\prims\jni.cpp, line 520]
Event: 30.468 Thread 0x000001c6ad7877f0 Exception <a 'java/lang/NoSuchMethodError'{0x00000000ebd338f8}: 'java.lang.Object java.lang.invoke.DirectMethodHandle$Holder.invokeStatic(java.lang.Object, java.lang.Object, java.lang.Object, java.lang.Object, java.lang.Object, int, java.lang.Object)'> (0x00000000ebd338f8) 
thrown [s\open\src\hotspot\share\interpreter\linkResolver.cpp, line 773]
Event: 30.879 Thread 0x000001c6ad7877f0 Exception <a 'java/lang/IncompatibleClassChangeError'{0x00000000ee8662e0}: Found class java.lang.Object, but interface was expected> (0x00000000ee8662e0) 
thrown [s\open\src\hotspot\share\interpreter\linkResolver.cpp, line 840]

ZGC Phase Switch (0 events):
No events

VM Operations (20 events):
Event: 29.401 Executing VM operation: HandshakeAllThreads (Deoptimize)
Event: 29.402 Executing VM operation: HandshakeAllThreads (Deoptimize) done
Event: 29.457 Executing VM operation: ICBufferFull
Event: 29.457 Executing VM operation: ICBufferFull done
Event: 29.720 Executing VM operation: HandshakeAllThreads (Deoptimize)
Event: 29.720 Executing VM operation: HandshakeAllThreads (Deoptimize) done
Event: 29.756 Executing VM operation: G1CollectForAllocation (G1 Evacuation Pause)
Event: 29.765 Executing VM operation: G1CollectForAllocation (G1 Evacuation Pause) done
Event: 29.829 Executing VM operation: G1PauseRemark
Event: 29.843 Executing VM operation: G1PauseRemark done
Event: 29.864 Executing VM operation: G1PauseCleanup
Event: 29.865 Executing VM operation: G1PauseCleanup done
Event: 30.100 Executing VM operation: G1CollectForAllocation (G1 Evacuation Pause)
Event: 30.106 Executing VM operation: G1CollectForAllocation (G1 Evacuation Pause) done
Event: 30.556 Executing VM operation: ICBufferFull
Event: 30.556 Executing VM operation: ICBufferFull done
Event: 30.563 Executing VM operation: G1CollectForAllocation (G1 Evacuation Pause)
Event: 30.574 Executing VM operation: G1CollectForAllocation (G1 Evacuation Pause) done
Event: 30.977 Executing VM operation: ICBufferFull
Event: 30.977 Executing VM operation: ICBufferFull done

Events (20 events):
Event: 29.840 Thread 0x000001c6924498e0 flushing nmethod 0x000001c680a92890
Event: 29.840 Thread 0x000001c6924498e0 flushing nmethod 0x000001c680a92c10
Event: 29.840 Thread 0x000001c6924498e0 flushing nmethod 0x000001c680a92f90
Event: 29.840 Thread 0x000001c6924498e0 flushing nmethod 0x000001c680a93690
Event: 29.840 Thread 0x000001c6924498e0 flushing nmethod 0x000001c680b26610
Event: 29.840 Thread 0x000001c6924498e0 flushing nmethod 0x000001c680b33910
Event: 29.840 Thread 0x000001c6924498e0 flushing nmethod 0x000001c680c31610
Event: 29.840 Thread 0x000001c6924498e0 flushing nmethod 0x000001c680c32a90
Event: 29.840 Thread 0x000001c6924498e0 flushing nmethod 0x000001c680d3e190
Event: 29.840 Thread 0x000001c6924498e0 flushing nmethod 0x000001c680d43d10
Event: 29.840 Thread 0x000001c6924498e0 flushing nmethod 0x000001c680d44110
Event: 29.840 Thread 0x000001c6924498e0 flushing nmethod 0x000001c680d45890
Event: 29.840 Thread 0x000001c6924498e0 flushing nmethod 0x000001c680d45f10
Event: 29.840 Thread 0x000001c6924498e0 flushing nmethod 0x000001c680e5ba90
Event: 29.840 Thread 0x000001c6924498e0 flushing nmethod 0x000001c680effd10
Event: 29.840 Thread 0x000001c6924498e0 flushing nmethod 0x000001c681114510
Event: 29.840 Thread 0x000001c6924498e0 flushing nmethod 0x000001c681114f90
Event: 29.840 Thread 0x000001c6924498e0 flushing nmethod 0x000001c681115790
Event: 29.840 Thread 0x000001c6924498e0 flushing nmethod 0x000001c68151c890
Event: 29.840 Thread 0x000001c6924498e0 flushing nmethod 0x000001c681520110


Dynamic libraries:
0x00007ff608700000 - 0x00007ff608710000 	C:\Program Files\Java\jdk-21\bin\java.exe
0x00007ffc2a980000 - 0x00007ffc2abe8000 	C:\WINDOWS\SYSTEM32\ntdll.dll
0x00007ffc29fa0000 - 0x00007ffc2a069000 	C:\WINDOWS\System32\KERNEL32.DLL
0x00007ffc28290000 - 0x00007ffc28688000 	C:\WINDOWS\System32\KERNELBASE.dll
0x00007ffc27dc0000 - 0x00007ffc27f0b000 	C:\WINDOWS\System32\ucrtbase.dll
0x00007ffc12bd0000 - 0x00007ffc12beb000 	C:\Program Files\Java\jdk-21\bin\VCRUNTIME140.dll
0x00007ffc12b70000 - 0x00007ffc12b89000 	C:\Program Files\Java\jdk-21\bin\jli.dll
0x00007ffc29800000 - 0x00007ffc298b4000 	C:\WINDOWS\System32\ADVAPI32.dll
0x00007ffc29d50000 - 0x00007ffc29df9000 	C:\WINDOWS\System32\msvcrt.dll
0x00007ffc2a610000 - 0x00007ffc2a6b6000 	C:\WINDOWS\System32\sechost.dll
0x00007ffc2a070000 - 0x00007ffc2a188000 	C:\WINDOWS\System32\RPCRT4.dll
0x00007ffc291e0000 - 0x00007ffc293a7000 	C:\WINDOWS\System32\USER32.dll
0x00007ffc28260000 - 0x00007ffc28287000 	C:\WINDOWS\System32\win32u.dll
0x00007ffc2a190000 - 0x00007ffc2a1bb000 	C:\WINDOWS\System32\GDI32.dll
0x00007ffc16270000 - 0x00007ffc16504000 	C:\WINDOWS\WinSxS\amd64_microsoft.windows.common-controls_6595b64144ccf1df_6.0.26100.7019_none_3e06ffa0e335b8a8\COMCTL32.dll
0x00007ffc28130000 - 0x00007ffc2825c000 	C:\WINDOWS\System32\gdi32full.dll
0x00007ffc27d10000 - 0x00007ffc27db3000 	C:\WINDOWS\System32\msvcp_win.dll
0x00007ffc20510000 - 0x00007ffc2051b000 	C:\WINDOWS\SYSTEM32\VERSION.dll
0x00007ffc2a6c0000 - 0x00007ffc2a6f1000 	C:\WINDOWS\System32\IMM32.DLL
0x00007ffc22b80000 - 0x00007ffc22b8c000 	C:\Program Files\Java\jdk-21\bin\vcruntime140_1.dll
0x00007ffbf4080000 - 0x00007ffbf410e000 	C:\Program Files\Java\jdk-21\bin\msvcp140.dll
0x00007ffbbe0d0000 - 0x00007ffbbeded000 	C:\Program Files\Java\jdk-21\bin\server\jvm.dll
0x00007ffc28fc0000 - 0x00007ffc29034000 	C:\WINDOWS\System32\WS2_32.dll
0x00007ffc27930000 - 0x00007ffc2798e000 	C:\WINDOWS\SYSTEM32\POWRPROF.dll
0x00007ffc1e650000 - 0x00007ffc1e685000 	C:\WINDOWS\SYSTEM32\WINMM.dll
0x00007ffc27910000 - 0x00007ffc27924000 	C:\WINDOWS\SYSTEM32\UMPDC.dll
0x00007ffc26890000 - 0x00007ffc268ab000 	C:\WINDOWS\SYSTEM32\kernel.appcore.dll
0x00007ffc13fe0000 - 0x00007ffc13fea000 	C:\Program Files\Java\jdk-21\bin\jimage.dll
0x00007ffc1f0f0000 - 0x00007ffc1f332000 	C:\WINDOWS\SYSTEM32\DBGHELP.DLL
0x00007ffc293b0000 - 0x00007ffc2973b000 	C:\WINDOWS\System32\combase.dll
0x00007ffc28760000 - 0x00007ffc28837000 	C:\WINDOWS\System32\OLEAUT32.dll
0x00007ffc06c30000 - 0x00007ffc06c6c000 	C:\WINDOWS\SYSTEM32\dbgcore.DLL
0x00007ffc28080000 - 0x00007ffc28125000 	C:\WINDOWS\System32\bcryptPrimitives.dll
0x00007ffc13fc0000 - 0x00007ffc13fcf000 	C:\Program Files\Java\jdk-21\bin\instrument.dll
0x00007ffc0a6d0000 - 0x00007ffc0a6ef000 	C:\Program Files\Java\jdk-21\bin\java.dll
0x00007ffc28850000 - 0x00007ffc28f9f000 	C:\WINDOWS\System32\SHELL32.dll
0x00007ffc27f10000 - 0x00007ffc2807b000 	C:\WINDOWS\System32\wintypes.dll
0x00007ffc256e0000 - 0x00007ffc25f3d000 	C:\WINDOWS\SYSTEM32\windows.storage.dll
0x00007ffc2a840000 - 0x00007ffc2a932000 	C:\WINDOWS\System32\SHCORE.dll
0x00007ffc2a7d0000 - 0x00007ffc2a837000 	C:\WINDOWS\System32\shlwapi.dll
0x00007ffc279f0000 - 0x00007ffc27a19000 	C:\WINDOWS\SYSTEM32\profapi.dll
0x00007ffbdb6f0000 - 0x00007ffbdb7c7000 	C:\Program Files\Java\jdk-21\bin\jsvml.dll
0x00007ffc09fe0000 - 0x00007ffc09ff8000 	C:\Program Files\Java\jdk-21\bin\zip.dll
0x00007ffc122b0000 - 0x00007ffc122c0000 	C:\Program Files\Java\jdk-21\bin\net.dll
0x00007ffc1fba0000 - 0x00007ffc1fcc8000 	C:\WINDOWS\SYSTEM32\WINHTTP.dll
0x00007ffc26e00000 - 0x00007ffc26e6b000 	C:\WINDOWS\system32\mswsock.dll
0x00007ffc08530000 - 0x00007ffc08546000 	C:\Program Files\Java\jdk-21\bin\nio.dll
0x00007ffc12040000 - 0x00007ffc12050000 	C:\Program Files\Java\jdk-21\bin\verify.dll
0x00007ffc07830000 - 0x00007ffc07857000 	C:\Users\mirmi\.gradle\native\1def1411415f61bf3af743bc5b6707747c0891f09f0c88961ee8f79bc544acac\windows-amd64\native-platform.dll
0x00007ffbdefb0000 - 0x00007ffbdf028000 	C:\Users\mirmi\.gradle\native\0.2.7\x86_64-windows-gnu\gradle-fileevents.dll
0x00007ffc11bf0000 - 0x00007ffc11bfa000 	C:\Program Files\Java\jdk-21\bin\management.dll
0x00007ffc10450000 - 0x00007ffc1045b000 	C:\Program Files\Java\jdk-21\bin\management_ext.dll
0x00007ffc28fb0000 - 0x00007ffc28fb8000 	C:\WINDOWS\System32\PSAPI.DLL
0x00007ffc26260000 - 0x00007ffc26294000 	C:\WINDOWS\SYSTEM32\IPHLPAPI.DLL
0x00007ffc28720000 - 0x00007ffc2872a000 	C:\WINDOWS\System32\NSI.dll
0x00007ffc10420000 - 0x00007ffc10429000 	C:\Program Files\Java\jdk-21\bin\extnet.dll
0x00007ffc270d0000 - 0x00007ffc270eb000 	C:\WINDOWS\SYSTEM32\CRYPTSP.dll
0x00007ffc267f0000 - 0x00007ffc2682a000 	C:\WINDOWS\system32\rsaenh.dll
0x00007ffc26eb0000 - 0x00007ffc26edb000 	C:\WINDOWS\SYSTEM32\USERENV.dll
0x00007ffc279c0000 - 0x00007ffc279ea000 	C:\WINDOWS\SYSTEM32\bcrypt.dll
0x00007ffc270c0000 - 0x00007ffc270cc000 	C:\WINDOWS\SYSTEM32\CRYPTBASE.dll
0x00007ffc0e1c0000 - 0x00007ffc0e1ce000 	C:\Program Files\Java\jdk-21\bin\sunmscapi.dll
0x00007ffc27b90000 - 0x00007ffc27d07000 	C:\WINDOWS\System32\CRYPT32.dll
0x00007ffc272e0000 - 0x00007ffc27310000 	C:\WINDOWS\SYSTEM32\ncrypt.dll
0x00007ffc27290000 - 0x00007ffc272cf000 	C:\WINDOWS\SYSTEM32\NTASN1.dll
0x00007ffb89b90000 - 0x00007ffb89b98000 	C:\WINDOWS\system32\wshunix.dll
0x00007ffc262a0000 - 0x00007ffc263cc000 	C:\WINDOWS\SYSTEM32\DNSAPI.dll
0x00007ffc1c480000 - 0x00007ffc1c48b000 	C:\Windows\System32\rasadhlp.dll
0x00007ffc1c250000 - 0x00007ffc1c2d6000 	C:\WINDOWS\System32\fwpuclnt.dll

dbghelp: loaded successfully - version: 4.0.5 - missing functions: none
symbol engine: initialized successfully - sym options: 0x614 - pdb path: .;C:\Program Files\Java\jdk-21\bin;C:\WINDOWS\SYSTEM32;C:\WINDOWS\WinSxS\amd64_microsoft.windows.common-controls_6595b64144ccf1df_6.0.26100.7019_none_3e06ffa0e335b8a8;C:\Program Files\Java\jdk-21\bin\server;C:\Users\mirmi\.gradle\native\1def1411415f61bf3af743bc5b6707747c0891f09f0c88961ee8f79bc544acac\windows-amd64;C:\Users\mirmi\.gradle\native\0.2.7\x86_64-windows-gnu

VM Arguments:
jvm_args: --add-opens=java.base/java.lang=ALL-UNNAMED --add-opens=java.base/java.lang.invoke=ALL-UNNAMED --add-opens=java.base/java.util=ALL-UNNAMED --add-opens=java.prefs/java.util.prefs=ALL-UNNAMED --add-exports=jdk.compiler/com.sun.tools.javac.api=ALL-UNNAMED --add-exports=jdk.compiler/com.sun.tools.javac.util=ALL-UNNAMED --add-opens=java.base/java.util=ALL-UNNAMED --add-opens=java.prefs/java.util.prefs=ALL-UNNAMED --add-opens=java.base/java.nio.charset=ALL-UNNAMED --add-opens=java.base/java.net=ALL-UNNAMED --add-opens=java.base/java.util.concurrent.atomic=ALL-UNNAMED --add-opens=java.xml/javax.xml.namespace=ALL-UNNAMED -XX:MaxMetaspaceSize=384m -XX:+HeapDumpOnOutOfMemoryError -Xms256m -Xmx512m -Dfile.encoding=UTF-8 -Duser.country=KR -Duser.language=ko -Duser.variant -javaagent:C:\Users\mirmi\.gradle\wrapper\dists\gradle-8.14.3-bin\cv11ve7ro1n3o1j4so8xd9n66\gradle-8.14.3\lib\agents\gradle-instrumentation-agent-8.14.3.jar 
java_command: org.gradle.launcher.daemon.bootstrap.GradleDaemon 8.14.3
java_class_path (initial): C:\Users\mirmi\.gradle\wrapper\dists\gradle-8.14.3-bin\cv11ve7ro1n3o1j4so8xd9n66\gradle-8.14.3\lib\gradle-daemon-main-8.14.3.jar
Launcher Type: SUN_STANDARD

[Global flags]
     intx CICompilerCount                          = 3                                         {product} {ergonomic}
   size_t CompressedClassSpaceSize                 = 335544320                                 {product} {ergonomic}
     uint ConcGCThreads                            = 2                                         {product} {ergonomic}
     uint G1ConcRefinementThreads                  = 6                                         {product} {ergonomic}
   size_t G1HeapRegionSize                         = 1048576                                   {product} {ergonomic}
    uintx GCDrainStackTargetSize                   = 64                                        {product} {ergonomic}
     bool HeapDumpOnOutOfMemoryError               = true                                   {manageable} {command line}
   size_t InitialHeapSize                          = 268435456                                 {product} {command line}
   size_t MarkStackSize                            = 4194304                                   {product} {ergonomic}
   size_t MaxHeapSize                              = 536870912                                 {product} {command line}
   size_t MaxMetaspaceSize                         = 402653184                                 {product} {command line}
   size_t MaxNewSize                               = 321912832                                 {product} {ergonomic}
   size_t MinHeapDeltaBytes                        = 1048576                                   {product} {ergonomic}
   size_t MinHeapSize                              = 268435456                                 {product} {command line}
    uintx NonNMethodCodeHeapSize                   = 5832780                                {pd product} {ergonomic}
    uintx NonProfiledCodeHeapSize                  = 122912730                              {pd product} {ergonomic}
    uintx ProfiledCodeHeapSize                     = 122912730                              {pd product} {ergonomic}
    uintx ReservedCodeCacheSize                    = 251658240                              {pd product} {ergonomic}
     bool SegmentedCodeCache                       = true                                      {product} {ergonomic}
   size_t SoftMaxHeapSize                          = 536870912                              {manageable} {ergonomic}
     bool UseCompressedOops                        = true                           {product lp64_product} {ergonomic}
     bool UseG1GC                                  = true                                      {product} {ergonomic}
     bool UseLargePagesIndividualAllocation        = false                                  {pd product} {ergonomic}

Logging:
Log output configuration:
 #0: stdout all=warning uptime,level,tags foldmultilines=false
 #1: stderr all=off uptime,level,tags foldmultilines=false

Environment Variables:
JAVA_HOME=C:\Program Files\Java\jdk-21
PATH=C:\Program Files (x86)\NAT Service;%JAVA_HOME%\BIN;C:\Program Files\Common Files\Oracle\Java\javapath;C:\WINDOWS\system32;C:\WINDOWS;C:\WINDOWS\System32\Wbem;C:\WINDOWS\System32\WindowsPowerShell\v1.0\;C:\WINDOWS\System32\OpenSSH\;C:\Program Files\dotnet\;C:\Program Files\nodejs\;C:\Program Files\Git\cmd;C:\Program Files\cursor\resources\app\bin;C:\Program Files\Docker\Docker\resources\bin;C:\Users\mirmi\AppData\Local\Programs\Python\Launcher\;C:\Users\mirmi\AppData\Local\Programs\Microsoft VS Code\bin;C:\Program Files\JetBrains\IntelliJ IDEA Community Edition 2025.2\bin;C:\Users\mirmi\.lmstudio\bin;C:\Users\mirmi\AppData\Local\Programs\Python\Python313\Scripts;C:\Users\mirmi\AppData\Local\Programs\Python\Python313;
USERNAME=mirmi
OS=Windows_NT
PROCESSOR_IDENTIFIER=AMD64 Family 23 Model 96 Stepping 1, AuthenticAMD
TMP=C:\Users\mirmi\AppData\Local\Temp
TEMP=C:\Users\mirmi\AppData\Local\Temp




Periodic native trim disabled

---------------  S Y S T E M  ---------------

OS:
 Windows 11 , 64 bit Build 26100 (10.0.26100.7019)
OS uptime: 2 days 21:09 hours
Hyper-V role detected

CPU: total 6 (initial active 6) (6 cores per cpu, 1 threads per core) family 23 model 96 stepping 1 microcode 0x8600103, cx8, cmov, fxsr, mmx, 3dnowpref, sse, sse2, sse3, ssse3, sse4a, sse4.1, sse4.2, popcnt, lzcnt, tsc, tscinvbit, avx, avx2, aes, clmul, bmi1, bmi2, adx, sha, fma, vzeroupper, clflush, clflushopt, hv, rdtscp, rdpid, f16c
Processor Information for all 6 processors :
  Max Mhz: 2375, Current Mhz: 2375, Mhz Limit: 2375

Memory: 4k page, system-wide physical 7549M (547M free)
TotalPageFile size 31101M (AvailPageFile size 3M)
current process WorkingSet (physical memory assigned to process): 607M, peak: 624M
current process commit charge ("private bytes"): 660M, peak: 680M

vm_info: Java HotSpot(TM) 64-Bit Server VM (21.0.8+12-LTS-250) for windows-amd64 JRE (21.0.8+12-LTS-250), built on 2025-06-27T08:11:22Z by "mach5one" with MS VC++ 17.6 (VS2022)

END.
